<?xml version="1.0"?><coverage lines-covered="0" lines-valid="0" line-rate="NaN" branches-covered="0" branches-valid="0" branch-rate="0" complexity="0" version="1.9" timestamp="1752356813"><sources><source>/Users/rosssaunders/DevDrive/ccrxt-venues/ccrxt</source></sources><packages><package name="_disabled/tests_ai/bitmart" line-rate="0" branch-rate="0" complexity="0"><classes></classes></package><package name="_disabled/tests_ai/coinbase" line-rate="0" branch-rate="0" complexity="0"><classes></classes></package><package name="_disabled/examples/okx" line-rate="0" branch-rate="0" complexity="0"><classes></classes></package><package name="_disabled/examples/bullish" line-rate="0" branch-rate="0" complexity="0"><classes></classes></package><package name="_disabled/tests_ai/binanceportfolio" line-rate="0" branch-rate="0" complexity="0"><classes></classes></package><package name="_disabled/tests_ai/bitget" line-rate="0" branch-rate="0" complexity="0"><classes></classes></package><package name="_disabled/tests_ai/bullish" line-rate="0" branch-rate="0" complexity="0"><classes></classes></package><package name="tests/bybit" line-rate="0" branch-rate="0" complexity="0"><classes></classes></package><package name="tests/okx" line-rate="0" branch-rate="0" complexity="0"><classes></classes></package><package name="_disabled/tests_ai/okx" line-rate="0" branch-rate="0" complexity="0"><classes></classes></package><package name="_disabled/tests_ai/binancespot" line-rate="0" branch-rate="0" complexity="0"><classes></classes></package><package name="tests/bingx" line-rate="0" branch-rate="0" complexity="0"><classes></classes></package><package name="tests/coinbase" line-rate="0" branch-rate="0" complexity="0"><classes></classes></package><package name="tests/gateio" line-rate="0" branch-rate="0" complexity="0"><classes></classes></package><package name="_disabled/tests_ai" line-rate="0" branch-rate="0" complexity="0"><classes></classes></package><package name="tests/cryptocom" line-rate="0" branch-rate="0" complexity="0"><classes></classes></package><package name="tests/binance" line-rate="0" branch-rate="0" complexity="0"><classes></classes></package><package name="_disabled/tests_ai/kucoin" line-rate="0" branch-rate="0" complexity="0"><classes></classes></package><package name="tests/bitget" line-rate="0" branch-rate="0" complexity="0"><classes></classes></package><package name="_disabled/examples/kucoin" line-rate="0" branch-rate="0" complexity="0"><classes></classes></package><package name="_disabled/tests_ai/binancecoinm" line-rate="0" branch-rate="0" complexity="0"><classes></classes></package><package name="_disabled/examples/bitmart" line-rate="0" branch-rate="0" complexity="0"><classes></classes></package><package name="tests/binance_coinm" line-rate="0" branch-rate="0" complexity="0"><classes></classes></package><package name="tests/deribit" line-rate="0" branch-rate="0" complexity="0"><classes></classes></package><package name="_disabled/examples/bingx" line-rate="0" branch-rate="0" complexity="0"><classes></classes></package><package name="_disabled/tests_ai/cryptocom" line-rate="0" branch-rate="0" complexity="0"><classes></classes></package><package name="tests/kucoin" line-rate="0" branch-rate="0" complexity="0"><classes></classes></package><package name="_disabled/examples/binancecoinm/src" line-rate="0" branch-rate="0" complexity="0"><classes></classes></package><package name="_disabled/examples/cryptocom" line-rate="0" branch-rate="0" complexity="0"><classes></classes></package><package name="_disabled/examples/gateio" line-rate="0" branch-rate="0" complexity="0"><classes></classes></package><package name="_disabled/examples/bitget" line-rate="0" branch-rate="0" complexity="0"><classes></classes></package><package name="_disabled/examples/binance" line-rate="0" branch-rate="0" complexity="0"><classes></classes></package><package name="_disabled/examples/binancecoinm/src/commands" line-rate="0" branch-rate="0" complexity="0"><classes></classes></package><package name="tests/binance_usdm" line-rate="0" branch-rate="0" complexity="0"><classes></classes></package><package name="_disabled/examples/deribit" line-rate="0" branch-rate="0" complexity="0"><classes></classes></package><package name="_disabled/examples/kucoin/futures" line-rate="0" branch-rate="0" complexity="0"><classes></classes></package><package name="_disabled/examples/coinbase" line-rate="0" branch-rate="0" complexity="0"><classes></classes></package><package name="tests" line-rate="0" branch-rate="0" complexity="0"><classes></classes></package><package name="tests/bullish" line-rate="0" branch-rate="0" complexity="0"><classes></classes></package></packages></coverage>