<?xml version="1.0"?><coverage lines-covered="2693" lines-valid="13486" line-rate="0.19968856592021356" branches-covered="0" branches-valid="0" branch-rate="0" complexity="0" version="1.9" timestamp="1752356524"><sources><source>/Users/rosssaunders/DevDrive/ccrxt-venues/ccrxt</source></sources><packages><package name="venues/src/binance/usdm/public" line-rate="0.07624633431085044" branch-rate="0" complexity="0"><classes></classes></package><package name="_disabled/examples/deribit" line-rate="0" branch-rate="0" complexity="0"><classes></classes></package><package name="venues/src/bitmart/contract/private" line-rate="0" branch-rate="0" complexity="0"><classes></classes></package><package name="_disabled/examples/bitget" line-rate="0" branch-rate="0" complexity="0"><classes></classes></package><package name="venues/src/binance/options/private" line-rate="0" branch-rate="0" complexity="0"><classes></classes></package><package name="venues/src/binance/shared" line-rate="0.17647058823529413" branch-rate="0" complexity="0"><classes><class name="client" filename="venues/src/binance/shared/client.rs" line-rate="0.11864406779661017" branch-rate="0" complexity="0"><methods/><lines><line number="48" hits="3"/><line number="49" hits="3"/><line number="53" hits="3"/><line number="61" hits="3"/><line number="66" hits="3"/><line number="70" hits="3"/><line number="72" hits="3"/><line number="73" hits="3"/><line number="78" hits="0"/><line number="89" hits="0"/><line number="90" hits="0"/><line number="91" hits="0"/><line number="94" hits="0"/><line number="95" hits="0"/><line number="96" hits="0"/><line number="97" hits="0"/><line number="98" hits="0"/><line number="99" hits="0"/><line number="102" hits="0"/><line number="106" hits="0"/><line number="118" hits="0"/><line number="119" hits="0"/><line number="121" hits="0"/><line number="124" hits="0"/><line number="125" hits="0"/><line number="126" hits="0"/><line number="128" hits="0"/><line number="129" hits="0"/><line number="130" hits="0"/><line number="134" hits="0"/><line number="135" hits="0"/><line number="137" hits="0"/><line number="139" hits="0"/><line number="140" hits="0"/><line number="141" hits="0"/><line number="142" hits="0"/><line number="143" hits="0"/><line number="144" hits="0"/><line number="145" hits="0"/><line number="146" hits="0"/><line number="148" hits="0"/><line number="150" hits="0"/><line number="151" hits="0"/><line number="152" hits="0"/><line number="153" hits="0"/><line number="154" hits="0"/><line number="155" hits="0"/><line number="156" hits="0"/><line number="158" hits="0"/><line number="163" hits="0"/><line number="176" hits="0"/><line number="178" hits="0"/><line number="179" hits="0"/><line number="181" hits="0"/><line number="184" hits="0"/><line number="187" hits="0"/><line number="188" hits="0"/><line number="192" hits="0"/><line number="193" hits="0"/><line number="194" hits="0"/><line number="195" hits="0"/><line number="199" hits="0"/><line number="202" hits="0"/><line number="203" hits="0"/><line number="205" hits="0"/><line number="207" hits="0"/><line number="209" hits="0"/><line number="212" hits="0"/><line number="213" hits="0"/><line number="214" hits="0"/><line number="215" hits="0"/><line number="219" hits="0"/><line number="220" hits="0"/><line number="223" hits="0"/><line number="225" hits="0"/><line number="227" hits="0"/><line number="228" hits="0"/><line number="229" hits="0"/><line number="231" hits="0"/><line number="232" hits="0"/><line number="235" hits="0"/><line number="238" hits="0"/><line number="239" hits="0"/><line number="243" hits="0"/><line number="244" hits="0"/><line number="245" hits="0"/><line number="249" hits="0"/><line number="250" hits="0"/><line number="253" hits="0"/><line number="256" hits="0"/><line number="259" hits="0"/><line number="261" hits="0"/><line number="262" hits="0"/><line number="263" hits="0"/><line number="264" hits="0"/><line number="270" hits="0"/><line number="271" hits="0"/><line number="272" hits="0"/><line number="273" hits="0"/><line number="275" hits="0"/><line number="276" hits="0"/><line number="279" hits="0"/><line number="280" hits="0"/><line number="281" hits="0"/><line number="282" hits="0"/><line number="283" hits="0"/><line number="287" hits="0"/><line number="288" hits="0"/><line number="289" hits="0"/><line number="290" hits="0"/><line number="291" hits="0"/><line number="294" hits="0"/><line number="299" hits="2"/><line number="300" hits="1"/><line number="304" hits="5"/><line number="305" hits="5"/><line number="309" hits="1"/><line number="310" hits="1"/></lines></class><class name="errors" filename="venues/src/binance/shared/errors.rs" line-rate="0" branch-rate="0" complexity="0"><methods/><lines><line number="29" hits="0"/><line number="30" hits="0"/><line number="31" hits="0"/><line number="32" hits="0"/><line number="33" hits="0"/><line number="34" hits="0"/><line number="35" hits="0"/><line number="36" hits="0"/><line number="38" hits="0"/><line number="39" hits="0"/><line number="47" hits="0"/><line number="48" hits="0"/><line number="53" hits="0"/><line number="54" hits="0"/><line number="401" hits="0"/><line number="402" hits="0"/><line number="523" hits="0"/><line number="524" hits="0"/><line number="525" hits="0"/><line number="528" hits="0"/><line number="531" hits="0"/><line number="532" hits="0"/><line number="533" hits="0"/><line number="536" hits="0"/><line number="537" hits="0"/><line number="541" hits="0"/><line number="542" hits="0"/><line number="544" hits="0"/><line number="545" hits="0"/><line number="547" hits="0"/><line number="548" hits="0"/><line number="550" hits="0"/></lines></class><class name="mod" filename="venues/src/binance/shared/mod.rs" line-rate="0" branch-rate="0" complexity="0"><methods/><lines><line number="25" hits="0"/><line number="29" hits="0"/><line number="30" hits="0"/><line number="31" hits="0"/><line number="32" hits="0"/><line number="33" hits="0"/><line number="52" hits="0"/><line number="65" hits="0"/><line number="66" hits="0"/><line number="67" hits="0"/><line number="69" hits="0"/><line number="70" hits="0"/><line number="71" hits="0"/><line number="72" hits="0"/><line number="74" hits="0"/><line number="75" hits="0"/><line number="76" hits="0"/></lines></class><class name="rate_limiter" filename="venues/src/binance/shared/rate_limiter.rs" line-rate="0.2222222222222222" branch-rate="0" complexity="0"><methods/><lines><line number="37" hits="0"/><line number="38" hits="0"/><line number="39" hits="0"/><line number="40" hits="0"/><line number="41" hits="0"/><line number="42" hits="0"/><line number="43" hits="0"/><line number="47" hits="0"/><line number="48" hits="0"/><line number="49" hits="0"/><line number="50" hits="0"/><line number="51" hits="0"/><line number="52" hits="0"/><line number="56" hits="0"/><line number="57" hits="0"/><line number="58" hits="0"/><line number="59" hits="0"/><line number="60" hits="0"/><line number="61" hits="0"/><line number="80" hits="0"/><line number="81" hits="0"/><line number="82" hits="0"/><line number="83" hits="0"/><line number="84" hits="0"/><line number="85" hits="0"/><line number="86" hits="0"/><line number="89" hits="0"/><line number="91" hits="0"/><line number="92" hits="0"/><line number="94" hits="0"/><line number="96" hits="0"/><line number="97" hits="0"/><line number="100" hits="0"/><line number="103" hits="0"/><line number="104" hits="0"/><line number="107" hits="0"/><line number="108" hits="0"/><line number="110" hits="0"/><line number="111" hits="0"/><line number="113" hits="0"/><line number="114" hits="0"/><line number="115" hits="0"/><line number="116" hits="0"/><line number="134" hits="5"/><line number="136" hits="5"/><line number="138" hits="0"/><line number="139" hits="0"/><line number="140" hits="0"/><line number="142" hits="0"/><line number="148" hits="5"/><line number="150" hits="0"/><line number="151" hits="0"/><line number="152" hits="0"/><line number="154" hits="0"/><line number="160" hits="5"/><line number="162" hits="0"/><line number="163" hits="0"/><line number="164" hits="0"/><line number="166" hits="0"/><line number="173" hits="0"/><line number="179" hits="0"/><line number="180" hits="0"/><line number="182" hits="0"/><line number="183" hits="0"/><line number="184" hits="0"/><line number="186" hits="0"/><line number="190" hits="0"/><line number="191" hits="0"/><line number="192" hits="0"/><line number="194" hits="0"/><line number="195" hits="0"/><line number="196" hits="0"/><line number="198" hits="0"/><line number="202" hits="0"/><line number="203" hits="0"/><line number="204" hits="0"/><line number="206" hits="0"/><line number="207" hits="0"/><line number="208" hits="0"/><line number="210" hits="0"/><line number="214" hits="1"/><line number="215" hits="1"/><line number="216" hits="1"/><line number="218" hits="1"/><line number="219" hits="1"/><line number="220" hits="2"/><line number="225" hits="1"/><line number="226" hits="1"/><line number="227" hits="1"/><line number="229" hits="1"/><line number="230" hits="1"/><line number="231" hits="2"/><line number="236" hits="3"/><line number="237" hits="3"/><line number="238" hits="3"/><line number="240" hits="3"/><line number="241" hits="3"/><line number="242" hits="6"/><line number="255" hits="6"/><line number="258" hits="6"/><line number="263" hits="0"/><line number="264" hits="0"/><line number="267" hits="0"/><line number="268" hits="0"/><line number="271" hits="0"/><line number="272" hits="0"/><line number="273" hits="0"/><line number="274" hits="0"/><line number="275" hits="0"/><line number="280" hits="0"/><line number="282" hits="0"/><line number="285" hits="0"/><line number="288" hits="0"/><line number="289" hits="0"/><line number="290" hits="0"/><line number="295" hits="0"/><line number="296" hits="0"/><line number="297" hits="0"/><line number="298" hits="0"/><line number="299" hits="0"/><line number="303" hits="0"/><line number="304" hits="0"/><line number="305" hits="0"/><line number="306" hits="0"/><line number="310" hits="0"/><line number="311" hits="0"/><line number="312" hits="0"/><line number="313" hits="0"/><line number="314" hits="0"/><line number="320" hits="0"/><line number="324" hits="0"/><line number="325" hits="0"/><line number="327" hits="0"/><line number="328" hits="0"/><line number="331" hits="0"/><line number="334" hits="0"/><line number="335" hits="0"/><line number="337" hits="0"/><line number="341" hits="0"/><line number="342" hits="0"/><line number="343" hits="0"/><line number="344" hits="0"/><line number="345" hits="0"/><line number="351" hits="0"/><line number="352" hits="0"/><line number="354" hits="0"/><line number="355" hits="0"/><line number="356" hits="0"/><line number="357" hits="0"/><line number="360" hits="0"/><line number="361" hits="0"/><line number="362" hits="0"/><line number="364" hits="0"/><line number="365" hits="0"/><line number="366" hits="0"/><line number="367" hits="0"/><line number="372" hits="0"/><line number="373" hits="0"/><line number="374" hits="0"/><line number="376" hits="0"/><line number="377" hits="0"/><line number="378" hits="0"/><line number="379" hits="0"/><line number="389" hits="2"/><line number="390" hits="2"/><line number="392" hits="1"/><line number="393" hits="1"/><line number="395" hits="1"/><line number="396" hits="1"/><line number="398" hits="2"/><line number="399" hits="1"/><line number="401" hits="0"/><line number="404" hits="1"/><line number="405" hits="1"/><line number="406" hits="1"/><line number="410" hits="1"/><line number="412" hits="1"/><line number="414" hits="1"/><line number="416" hits="1"/><line number="418" hits="1"/></lines></class><class name="request" filename="venues/src/binance/shared/request.rs" line-rate="0" branch-rate="0" complexity="0"><methods/><lines><line number="19" hits="0"/><line number="20" hits="0"/><line number="21" hits="0"/><line number="22" hits="0"/><line number="24" hits="0"/><line number="63" hits="0"/><line number="64" hits="0"/><line number="66" hits="0"/><line number="69" hits="0"/><line number="70" hits="0"/><line number="74" hits="0"/><line number="76" hits="0"/></lines></class><class name="venue_trait" filename="venues/src/binance/shared/venue_trait.rs" line-rate="0.3181818181818182" branch-rate="0" complexity="0"><methods/><lines><line number="53" hits="2"/><line number="54" hits="2"/><line number="57" hits="1"/><line number="58" hits="1"/><line number="61" hits="6"/><line number="64" hits="6"/><line number="66" hits="6"/><line number="69" hits="6"/><line number="73" hits="1"/><line number="74" hits="1"/><line number="77" hits="0"/><line number="78" hits="0"/><line number="81" hits="1"/><line number="82" hits="1"/><line number="90" hits="2"/><line number="91" hits="2"/><line number="94" hits="0"/><line number="95" hits="0"/><line number="98" hits="2"/><line number="101" hits="2"/><line number="103" hits="2"/><line number="110" hits="1"/><line number="111" hits="1"/><line number="114" hits="0"/><line number="115" hits="0"/><line number="118" hits="1"/><line number="119" hits="1"/><line number="127" hits="0"/><line number="128" hits="0"/><line number="131" hits="0"/><line number="132" hits="0"/><line number="135" hits="0"/><line number="138" hits="0"/><line number="140" hits="0"/><line number="147" hits="0"/><line number="148" hits="0"/><line number="151" hits="0"/><line number="152" hits="0"/><line number="155" hits="0"/><line number="156" hits="0"/><line number="164" hits="0"/><line number="165" hits="0"/><line number="168" hits="0"/><line number="169" hits="0"/><line number="172" hits="0"/><line number="176" hits="0"/><line number="178" hits="0"/><line number="185" hits="0"/><line number="186" hits="0"/><line number="189" hits="0"/><line number="190" hits="0"/><line number="193" hits="0"/><line number="194" hits="0"/><line number="202" hits="0"/><line number="203" hits="0"/><line number="206" hits="0"/><line number="207" hits="0"/><line number="210" hits="0"/><line number="214" hits="0"/><line number="216" hits="0"/><line number="223" hits="0"/><line number="224" hits="0"/><line number="227" hits="0"/><line number="228" hits="0"/><line number="231" hits="0"/><line number="232" hits="0"/></lines></class></classes></package><package name="venues/src/bitmart/spot/public/rest" line-rate="0.0196078431372549" branch-rate="0" complexity="0"><classes><class name="client" filename="venues/src/bitmart/spot/public/rest/client.rs" line-rate="0.05128205128205128" branch-rate="0" complexity="0"><methods/><lines><line number="53" hits="1"/><line number="59" hits="1"/><line number="77" hits="0"/><line number="89" hits="0"/><line number="90" hits="0"/><line number="91" hits="0"/><line number="94" hits="0"/><line number="97" hits="0"/><line number="98" hits="0"/><line number="99" hits="0"/><line number="100" hits="0"/><line number="102" hits="0"/><line number="103" hits="0"/><line number="104" hits="0"/><line number="109" hits="0"/><line number="110" hits="0"/><line number="112" hits="0"/><line number="115" hits="0"/><line number="119" hits="0"/><line number="122" hits="0"/><line number="125" hits="0"/><line number="126" hits="0"/><line number="127" hits="0"/><line number="128" hits="0"/><line number="132" hits="0"/><line number="135" hits="0"/><line number="138" hits="0"/><line number="139" hits="0"/><line number="140" hits="0"/><line number="141" hits="0"/><line number="142" hits="0"/><line number="147" hits="0"/><line number="149" hits="0"/><line number="150" hits="0"/><line number="151" hits="0"/><line number="153" hits="0"/><line number="157" hits="0"/><line number="158" hits="0"/><line number="159" hits="0"/></lines></class><class name="get_currency_list" filename="venues/src/bitmart/spot/public/rest/get_currency_list.rs" line-rate="0" branch-rate="0" complexity="0"><methods/><lines><line number="49" hits="0"/><line number="53" hits="0"/><line number="54" hits="0"/><line number="55" hits="0"/><line number="56" hits="0"/><line number="57" hits="0"/><line number="59" hits="0"/></lines></class><class name="get_depth" filename="venues/src/bitmart/spot/public/rest/get_depth.rs" line-rate="0" branch-rate="0" complexity="0"><methods/><lines><line number="54" hits="0"/><line number="55" hits="0"/><line number="56" hits="0"/><line number="57" hits="0"/><line number="58" hits="0"/><line number="59" hits="0"/><line number="61" hits="0"/></lines></class><class name="get_history_kline" filename="venues/src/bitmart/spot/public/rest/get_history_kline.rs" line-rate="0" branch-rate="0" complexity="0"><methods/><lines><line number="58" hits="0"/><line number="62" hits="0"/><line number="63" hits="0"/><line number="64" hits="0"/><line number="65" hits="0"/><line number="66" hits="0"/><line number="68" hits="0"/></lines></class><class name="get_latest_kline" filename="venues/src/bitmart/spot/public/rest/get_latest_kline.rs" line-rate="0" branch-rate="0" complexity="0"><methods/><lines><line number="58" hits="0"/><line number="62" hits="0"/><line number="63" hits="0"/><line number="64" hits="0"/><line number="65" hits="0"/><line number="66" hits="0"/><line number="68" hits="0"/></lines></class><class name="get_recent_trades" filename="venues/src/bitmart/spot/public/rest/get_recent_trades.rs" line-rate="0" branch-rate="0" complexity="0"><methods/><lines><line number="42" hits="0"/><line number="46" hits="0"/><line number="47" hits="0"/><line number="48" hits="0"/><line number="49" hits="0"/><line number="50" hits="0"/><line number="52" hits="0"/></lines></class><class name="get_ticker" filename="venues/src/bitmart/spot/public/rest/get_ticker.rs" line-rate="0" branch-rate="0" complexity="0"><methods/><lines><line number="71" hits="0"/><line number="72" hits="0"/><line number="73" hits="0"/><line number="74" hits="0"/><line number="75" hits="0"/><line number="76" hits="0"/><line number="78" hits="0"/></lines></class><class name="get_ticker_all_pairs" filename="venues/src/bitmart/spot/public/rest/get_ticker_all_pairs.rs" line-rate="0" branch-rate="0" complexity="0"><methods/><lines><line number="38" hits="0"/><line number="42" hits="0"/><line number="43" hits="0"/><line number="44" hits="0"/><line number="45" hits="0"/><line number="46" hits="0"/><line number="48" hits="0"/></lines></class><class name="get_trading_pair_details" filename="venues/src/bitmart/spot/public/rest/get_trading_pair_details.rs" line-rate="0" branch-rate="0" complexity="0"><methods/><lines><line number="63" hits="0"/><line number="67" hits="0"/><line number="68" hits="0"/><line number="69" hits="0"/><line number="70" hits="0"/><line number="71" hits="0"/><line number="73" hits="0"/></lines></class><class name="get_trading_pairs_list" filename="venues/src/bitmart/spot/public/rest/get_trading_pairs_list.rs" line-rate="0" branch-rate="0" complexity="0"><methods/><lines><line number="36" hits="0"/><line number="40" hits="0"/><line number="41" hits="0"/><line number="42" hits="0"/><line number="43" hits="0"/><line number="44" hits="0"/><line number="46" hits="0"/></lines></class></classes></package><package name="venues/src/bitmart/spot/public" line-rate="0.0196078431372549" branch-rate="0" complexity="0"><classes></classes></package><package name="venues/src/binance/spot/public/rest" line-rate="0.38513513513513514" branch-rate="0" complexity="0"><classes><class name="agg_trades" filename="venues/src/binance/spot/public/rest/agg_trades.rs" line-rate="0.42857142857142855" branch-rate="0" complexity="0"><methods/><lines><line number="76" hits="2"/><line number="77" hits="2"/><line number="78" hits="2"/><line number="80" hits="0"/><line number="82" hits="0"/><line number="83" hits="0"/><line number="86" hits="0"/></lines></class><class name="avg_price" filename="venues/src/binance/spot/public/rest/avg_price.rs" line-rate="0.42857142857142855" branch-rate="0" complexity="0"><methods/><lines><line number="40" hits="2"/><line number="41" hits="2"/><line number="42" hits="2"/><line number="44" hits="0"/><line number="46" hits="0"/><line number="47" hits="0"/><line number="50" hits="0"/></lines></class><class name="client" filename="venues/src/binance/spot/public/rest/client.rs" line-rate="0.3333333333333333" branch-rate="0" complexity="0"><methods/><lines><line number="39" hits="18"/><line number="45" hits="18"/><line number="64" hits="19"/><line number="74" hits="38"/><line number="77" hits="0"/><line number="78" hits="0"/><line number="79" hits="0"/><line number="80" hits="0"/><line number="81" hits="0"/><line number="82" hits="0"/><line number="83" hits="0"/><line number="86" hits="1"/><line number="88" hits="0"/><line number="89" hits="0"/><line number="90" hits="0"/></lines></class><class name="depth" filename="venues/src/binance/spot/public/rest/depth.rs" line-rate="0.35714285714285715" branch-rate="0" complexity="0"><methods/><lines><line number="44" hits="4"/><line number="46" hits="4"/><line number="47" hits="4"/><line number="48" hits="0"/><line number="49" hits="0"/><line number="50" hits="0"/><line number="51" hits="0"/><line number="54" hits="4"/><line number="55" hits="4"/><line number="57" hits="0"/><line number="59" hits="0"/><line number="60" hits="0"/><line number="61" hits="0"/><line number="63" hits="0"/></lines></class><class name="exchange_info" filename="venues/src/binance/spot/public/rest/exchange_info.rs" line-rate="0.3333333333333333" branch-rate="0" complexity="0"><methods/><lines><line number="291" hits="1"/><line number="295" hits="2"/><line number="296" hits="0"/><line number="297" hits="0"/><line number="300" hits="1"/><line number="303" hits="0"/><line number="305" hits="0"/><line number="306" hits="0"/><line number="309" hits="0"/></lines></class><class name="historical_trades" filename="venues/src/binance/spot/public/rest/historical_trades.rs" line-rate="0.42857142857142855" branch-rate="0" complexity="0"><methods/><lines><line number="64" hits="1"/><line number="68" hits="2"/><line number="69" hits="2"/><line number="71" hits="0"/><line number="73" hits="0"/><line number="74" hits="0"/><line number="77" hits="0"/></lines></class><class name="klines" filename="venues/src/binance/spot/public/rest/klines.rs" line-rate="0.42857142857142855" branch-rate="0" complexity="0"><methods/><lines><line number="62" hits="2"/><line number="63" hits="2"/><line number="64" hits="2"/><line number="66" hits="0"/><line number="68" hits="0"/><line number="69" hits="0"/><line number="72" hits="0"/></lines></class><class name="ping" filename="venues/src/binance/spot/public/rest/ping.rs" line-rate="1" branch-rate="0" complexity="0"><methods/><lines><line number="19" hits="8"/><line number="20" hits="4"/><line number="21" hits="4"/></lines></class><class name="server_time" filename="venues/src/binance/spot/public/rest/server_time.rs" line-rate="1" branch-rate="0" complexity="0"><methods/><lines><line number="23" hits="2"/><line number="24" hits="1"/><line number="25" hits="1"/></lines></class><class name="ticker" filename="venues/src/binance/spot/public/rest/ticker.rs" line-rate="0.4444444444444444" branch-rate="0" complexity="0"><methods/><lines><line number="101" hits="2"/><line number="102" hits="2"/><line number="103" hits="2"/><line number="106" hits="1"/><line number="108" hits="0"/><line number="110" hits="0"/><line number="111" hits="0"/><line number="112" hits="0"/><line number="114" hits="0"/></lines></class><class name="ticker_24hr" filename="venues/src/binance/spot/public/rest/ticker_24hr.rs" line-rate="0.25" branch-rate="0" complexity="0"><methods/><lines><line number="173" hits="1"/><line number="177" hits="3"/><line number="178" hits="0"/><line number="179" hits="1"/><line number="180" hits="0"/><line number="181" hits="0"/><line number="183" hits="0"/><line number="186" hits="1"/><line number="187" hits="0"/><line number="189" hits="0"/><line number="191" hits="0"/><line number="194" hits="0"/><line number="196" hits="0"/><line number="197" hits="0"/><line number="198" hits="0"/><line number="200" hits="0"/></lines></class><class name="ticker_book" filename="venues/src/binance/spot/public/rest/ticker_book.rs" line-rate="0.2857142857142857" branch-rate="0" complexity="0"><methods/><lines><line number="52" hits="1"/><line number="56" hits="3"/><line number="57" hits="0"/><line number="58" hits="1"/><line number="60" hits="0"/><line number="63" hits="1"/><line number="64" hits="0"/><line number="66" hits="0"/><line number="68" hits="0"/><line number="71" hits="0"/><line number="73" hits="0"/><line number="74" hits="0"/><line number="75" hits="0"/><line number="77" hits="0"/></lines></class><class name="ticker_price" filename="venues/src/binance/spot/public/rest/ticker_price.rs" line-rate="0.2857142857142857" branch-rate="0" complexity="0"><methods/><lines><line number="40" hits="1"/><line number="44" hits="3"/><line number="45" hits="0"/><line number="46" hits="1"/><line number="48" hits="0"/><line number="51" hits="1"/><line number="52" hits="0"/><line number="54" hits="0"/><line number="56" hits="0"/><line number="59" hits="0"/><line number="61" hits="0"/><line number="62" hits="0"/><line number="63" hits="0"/><line number="65" hits="0"/></lines></class><class name="ticker_trading_day" filename="venues/src/binance/spot/public/rest/ticker_trading_day.rs" line-rate="0.4444444444444444" branch-rate="0" complexity="0"><methods/><lines><line number="100" hits="1"/><line number="104" hits="2"/><line number="105" hits="2"/><line number="108" hits="1"/><line number="110" hits="0"/><line number="112" hits="0"/><line number="113" hits="0"/><line number="114" hits="0"/><line number="116" hits="0"/></lines></class><class name="trades" filename="venues/src/binance/spot/public/rest/trades.rs" line-rate="0.42857142857142855" branch-rate="0" complexity="0"><methods/><lines><line number="60" hits="2"/><line number="61" hits="2"/><line number="62" hits="2"/><line number="64" hits="0"/><line number="66" hits="0"/><line number="67" hits="0"/><line number="70" hits="0"/></lines></class><class name="ui_klines" filename="venues/src/binance/spot/public/rest/ui_klines.rs" line-rate="0.42857142857142855" branch-rate="0" complexity="0"><methods/><lines><line number="62" hits="2"/><line number="63" hits="2"/><line number="64" hits="2"/><line number="66" hits="0"/><line number="68" hits="0"/><line number="69" hits="0"/><line number="72" hits="0"/></lines></class></classes></package><package name="_disabled/examples/binancecoinm/src" line-rate="0" branch-rate="0" complexity="0"><classes></classes></package><package name="venues/src/binance/usdm/rest" line-rate="0.6666666666666666" branch-rate="0" complexity="0"><classes><class name="common" filename="venues/src/binance/usdm/rest/common.rs" line-rate="0.6666666666666666" branch-rate="0" complexity="0"><methods/><lines><line number="10" hits="16"/><line number="15" hits="16"/><line number="16" hits="32"/><line number="17" hits="0"/><line number="18" hits="0"/><line number="19" hits="0"/><line number="21" hits="0"/><line number="25" hits="16"/><line number="39" hits="16"/><line number="40" hits="16"/><line number="41" hits="0"/><line number="43" hits="16"/><line number="45" hits="32"/><line number="46" hits="0"/><line number="47" hits="16"/><line number="48" hits="16"/><line number="49" hits="16"/><line number="50" hits="16"/></lines></class></classes></package><package name="websockets/src" line-rate="0" branch-rate="0" complexity="0"><classes></classes></package><package name="_disabled/examples/okx" line-rate="0" branch-rate="0" complexity="0"><classes></classes></package><package name="_disabled/tests_ai/bitmart" line-rate="0" branch-rate="0" complexity="0"><classes></classes></package><package name="venues/src/bingx/private/rest" line-rate="0.021505376344086023" branch-rate="0" complexity="0"><classes><class name="authorize_sub_account_transfer" filename="venues/src/bingx/private/rest/authorize_sub_account_transfer.rs" line-rate="0" branch-rate="0" complexity="0"><methods/><lines><line number="55" hits="0"/><line number="59" hits="0"/><line number="60" hits="0"/><line number="61" hits="0"/><line number="62" hits="0"/><line number="63" hits="0"/><line number="65" hits="0"/></lines></class><class name="batch_sub_account_assets" filename="venues/src/bingx/private/rest/batch_sub_account_assets.rs" line-rate="0" branch-rate="0" complexity="0"><methods/><lines><line number="95" hits="0"/><line number="99" hits="0"/><line number="100" hits="0"/><line number="101" hits="0"/><line number="102" hits="0"/><line number="103" hits="0"/><line number="105" hits="0"/></lines></class><class name="cancel_all_after" filename="venues/src/bingx/private/rest/cancel_all_after.rs" line-rate="0" branch-rate="0" complexity="0"><methods/><lines><line number="52" hits="0"/><line number="56" hits="0"/><line number="57" hits="0"/><line number="58" hits="0"/><line number="59" hits="0"/><line number="60" hits="0"/><line number="62" hits="0"/></lines></class><class name="cancel_all_orders" filename="venues/src/bingx/private/rest/cancel_all_orders.rs" line-rate="0" branch-rate="0" complexity="0"><methods/><lines><line number="72" hits="0"/><line number="76" hits="0"/><line number="77" hits="0"/><line number="78" hits="0"/><line number="79" hits="0"/><line number="80" hits="0"/><line number="82" hits="0"/></lines></class><class name="cancel_multiple_orders" filename="venues/src/bingx/private/rest/cancel_multiple_orders.rs" line-rate="0" branch-rate="0" complexity="0"><methods/><lines><line number="105" hits="0"/><line number="109" hits="0"/><line number="110" hits="0"/><line number="111" hits="0"/><line number="112" hits="0"/><line number="113" hits="0"/><line number="115" hits="0"/></lines></class><class name="cancel_oco_order" filename="venues/src/bingx/private/rest/cancel_oco_order.rs" line-rate="0" branch-rate="0" complexity="0"><methods/><lines><line number="45" hits="0"/><line number="49" hits="0"/><line number="50" hits="0"/><line number="51" hits="0"/><line number="52" hits="0"/><line number="53" hits="0"/><line number="55" hits="0"/></lines></class><class name="cancel_order" filename="venues/src/bingx/private/rest/cancel_order.rs" line-rate="0" branch-rate="0" complexity="0"><methods/><lines><line number="107" hits="0"/><line number="111" hits="0"/><line number="112" hits="0"/><line number="113" hits="0"/><line number="114" hits="0"/><line number="115" hits="0"/><line number="117" hits="0"/></lines></class><class name="cancel_replace_order" filename="venues/src/bingx/private/rest/cancel_replace_order.rs" line-rate="0" branch-rate="0" complexity="0"><methods/><lines><line number="100" hits="0"/><line number="104" hits="0"/><line number="105" hits="0"/><line number="106" hits="0"/><line number="107" hits="0"/><line number="108" hits="0"/><line number="110" hits="0"/></lines></class><class name="client" filename="venues/src/bingx/private/rest/client.rs" line-rate="0.08823529411764706" branch-rate="0" complexity="0"><methods/><lines><line number="50" hits="2"/><line number="60" hits="2"/><line number="78" hits="1"/><line number="80" hits="1"/><line number="81" hits="2"/><line number="82" hits="2"/><line number="99" hits="0"/><line number="111" hits="0"/><line number="112" hits="0"/><line number="113" hits="0"/><line number="114" hits="0"/><line number="117" hits="0"/><line number="118" hits="0"/><line number="121" hits="0"/><line number="122" hits="0"/><line number="123" hits="0"/><line number="125" hits="0"/><line number="126" hits="0"/><line number="127" hits="0"/><line number="129" hits="0"/><line number="135" hits="0"/><line number="137" hits="0"/><line number="142" hits="0"/><line number="143" hits="0"/><line number="146" hits="0"/><line number="148" hits="0"/><line number="153" hits="0"/><line number="156" hits="0"/><line number="159" hits="0"/><line number="160" hits="0"/><line number="161" hits="0"/><line number="162" hits="0"/><line number="165" hits="0"/><line number="168" hits="0"/><line number="171" hits="0"/><line number="172" hits="0"/><line number="175" hits="0"/><line number="178" hits="0"/><line number="179" hits="0"/><line number="180" hits="0"/><line number="181" hits="0"/><line number="186" hits="0"/><line number="187" hits="0"/><line number="188" hits="0"/><line number="191" hits="0"/><line number="192" hits="0"/><line number="194" hits="0"/><line number="195" hits="0"/><line number="198" hits="0"/><line number="199" hits="0"/><line number="201" hits="0"/><line number="203" hits="0"/><line number="217" hits="0"/><line number="227" hits="0"/><line number="228" hits="0"/><line number="229" hits="0"/><line number="230" hits="0"/><line number="231" hits="0"/><line number="232" hits="0"/><line number="233" hits="0"/><line number="234" hits="0"/><line number="235" hits="0"/><line number="240" hits="0"/><line number="241" hits="0"/><line number="242" hits="0"/><line number="243" hits="0"/><line number="244" hits="0"/><line number="246" hits="0"/></lines></class><class name="create_oco_order" filename="venues/src/bingx/private/rest/create_oco_order.rs" line-rate="0" branch-rate="0" complexity="0"><methods/><lines><line number="99" hits="0"/><line number="103" hits="0"/><line number="104" hits="0"/><line number="105" hits="0"/><line number="106" hits="0"/><line number="107" hits="0"/><line number="109" hits="0"/></lines></class><class name="create_sub_account" filename="venues/src/bingx/private/rest/create_sub_account.rs" line-rate="0" branch-rate="0" complexity="0"><methods/><lines><line number="58" hits="0"/><line number="62" hits="0"/><line number="63" hits="0"/><line number="64" hits="0"/><line number="65" hits="0"/><line number="66" hits="0"/><line number="68" hits="0"/></lines></class><class name="currency_config" filename="venues/src/bingx/private/rest/currency_config.rs" line-rate="0" branch-rate="0" complexity="0"><methods/><lines><line number="105" hits="0"/><line number="109" hits="0"/><line number="110" hits="0"/><line number="111" hits="0"/><line number="112" hits="0"/><line number="113" hits="0"/><line number="115" hits="0"/></lines></class><class name="delete_sub_account_api_key" filename="venues/src/bingx/private/rest/delete_sub_account_api_key.rs" line-rate="0" branch-rate="0" complexity="0"><methods/><lines><line number="52" hits="0"/><line number="56" hits="0"/><line number="57" hits="0"/><line number="58" hits="0"/><line number="59" hits="0"/><line number="60" hits="0"/><line number="62" hits="0"/></lines></class><class name="deposit_address" filename="venues/src/bingx/private/rest/deposit_address.rs" line-rate="0" branch-rate="0" complexity="0"><methods/><lines><line number="71" hits="0"/><line number="75" hits="0"/><line number="76" hits="0"/><line number="77" hits="0"/><line number="78" hits="0"/><line number="79" hits="0"/><line number="81" hits="0"/></lines></class><class name="deposit_records" filename="venues/src/bingx/private/rest/deposit_records.rs" line-rate="0" branch-rate="0" complexity="0"><methods/><lines><line number="96" hits="0"/><line number="100" hits="0"/><line number="101" hits="0"/><line number="102" hits="0"/><line number="103" hits="0"/><line number="104" hits="0"/><line number="106" hits="0"/></lines></class><class name="edit_sub_account_api_key" filename="venues/src/bingx/private/rest/edit_sub_account_api_key.rs" line-rate="0" branch-rate="0" complexity="0"><methods/><lines><line number="68" hits="0"/><line number="72" hits="0"/><line number="73" hits="0"/><line number="74" hits="0"/><line number="75" hits="0"/><line number="76" hits="0"/><line number="78" hits="0"/></lines></class><class name="freeze_sub_account" filename="venues/src/bingx/private/rest/freeze_sub_account.rs" line-rate="0" branch-rate="0" complexity="0"><methods/><lines><line number="64" hits="0"/><line number="68" hits="0"/><line number="69" hits="0"/><line number="70" hits="0"/><line number="71" hits="0"/><line number="72" hits="0"/><line number="74" hits="0"/></lines></class><class name="get_all_account_balance" filename="venues/src/bingx/private/rest/get_all_account_balance.rs" line-rate="0" branch-rate="0" complexity="0"><methods/><lines><line number="82" hits="0"/><line number="86" hits="0"/><line number="87" hits="0"/><line number="88" hits="0"/><line number="89" hits="0"/><line number="90" hits="0"/><line number="92" hits="0"/></lines></class><class name="get_asset_transfer" filename="venues/src/bingx/private/rest/get_asset_transfer.rs" line-rate="0" branch-rate="0" complexity="0"><methods/><lines><line number="82" hits="0"/><line number="86" hits="0"/><line number="87" hits="0"/><line number="88" hits="0"/><line number="89" hits="0"/><line number="90" hits="0"/><line number="92" hits="0"/></lines></class><class name="get_balances" filename="venues/src/bingx/private/rest/get_balances.rs" line-rate="0" branch-rate="0" complexity="0"><methods/><lines><line number="56" hits="0"/><line number="60" hits="0"/><line number="61" hits="0"/><line number="62" hits="0"/><line number="63" hits="0"/><line number="64" hits="0"/><line number="66" hits="0"/></lines></class><class name="get_commission_rate" filename="venues/src/bingx/private/rest/get_commission_rate.rs" line-rate="0" branch-rate="0" complexity="0"><methods/><lines><line number="45" hits="0"/><line number="49" hits="0"/><line number="50" hits="0"/><line number="51" hits="0"/><line number="52" hits="0"/><line number="53" hits="0"/><line number="55" hits="0"/></lines></class><class name="get_fund_balance" filename="venues/src/bingx/private/rest/get_fund_balance.rs" line-rate="0" branch-rate="0" complexity="0"><methods/><lines><line number="56" hits="0"/><line number="60" hits="0"/><line number="61" hits="0"/><line number="62" hits="0"/><line number="63" hits="0"/><line number="64" hits="0"/><line number="66" hits="0"/></lines></class><class name="get_oco_order_history" filename="venues/src/bingx/private/rest/get_oco_order_history.rs" line-rate="0" branch-rate="0" complexity="0"><methods/><lines><line number="81" hits="0"/><line number="85" hits="0"/><line number="86" hits="0"/><line number="87" hits="0"/><line number="88" hits="0"/><line number="89" hits="0"/><line number="91" hits="0"/></lines></class><class name="get_open_oco_orders" filename="venues/src/bingx/private/rest/get_open_oco_orders.rs" line-rate="0" branch-rate="0" complexity="0"><methods/><lines><line number="75" hits="0"/><line number="79" hits="0"/><line number="80" hits="0"/><line number="81" hits="0"/><line number="82" hits="0"/><line number="83" hits="0"/><line number="85" hits="0"/></lines></class><class name="get_open_orders" filename="venues/src/bingx/private/rest/get_open_orders.rs" line-rate="0" branch-rate="0" complexity="0"><methods/><lines><line number="91" hits="0"/><line number="95" hits="0"/><line number="96" hits="0"/><line number="97" hits="0"/><line number="98" hits="0"/><line number="99" hits="0"/><line number="101" hits="0"/></lines></class><class name="get_order_history" filename="venues/src/bingx/private/rest/get_order_history.rs" line-rate="0" branch-rate="0" complexity="0"><methods/><lines><line number="131" hits="0"/><line number="135" hits="0"/><line number="136" hits="0"/><line number="137" hits="0"/><line number="138" hits="0"/><line number="139" hits="0"/><line number="141" hits="0"/></lines></class><class name="get_sub_account_assets" filename="venues/src/bingx/private/rest/get_sub_account_assets.rs" line-rate="0" branch-rate="0" complexity="0"><methods/><lines><line number="53" hits="0"/><line number="57" hits="0"/><line number="58" hits="0"/><line number="59" hits="0"/><line number="60" hits="0"/><line number="61" hits="0"/><line number="63" hits="0"/></lines></class><class name="get_sub_account_list" filename="venues/src/bingx/private/rest/get_sub_account_list.rs" line-rate="0" branch-rate="0" complexity="0"><methods/><lines><line number="65" hits="0"/><line number="69" hits="0"/><line number="70" hits="0"/><line number="71" hits="0"/><line number="72" hits="0"/><line number="73" hits="0"/><line number="75" hits="0"/></lines></class><class name="get_sub_account_transfer_history" filename="venues/src/bingx/private/rest/get_sub_account_transfer_history.rs" line-rate="0" branch-rate="0" complexity="0"><methods/><lines><line number="75" hits="0"/><line number="79" hits="0"/><line number="80" hits="0"/><line number="81" hits="0"/><line number="82" hits="0"/><line number="83" hits="0"/><line number="85" hits="0"/></lines></class><class name="get_trade_history" filename="venues/src/bingx/private/rest/get_trade_history.rs" line-rate="0.2" branch-rate="0" complexity="0"><methods/><lines><line number="90" hits="1"/><line number="94" hits="2"/><line number="95" hits="0"/><line number="116" hits="0"/><line number="120" hits="0"/><line number="121" hits="0"/><line number="122" hits="0"/><line number="123" hits="0"/><line number="124" hits="0"/><line number="126" hits="0"/></lines></class><class name="get_uid" filename="venues/src/bingx/private/rest/get_uid.rs" line-rate="0" branch-rate="0" complexity="0"><methods/><lines><line number="39" hits="0"/><line number="40" hits="0"/><line number="41" hits="0"/><line number="42" hits="0"/><line number="43" hits="0"/><line number="44" hits="0"/><line number="46" hits="0"/></lines></class><class name="internal_transfer_apply" filename="venues/src/bingx/private/rest/internal_transfer_apply.rs" line-rate="0" branch-rate="0" complexity="0"><methods/><lines><line number="68" hits="0"/><line number="72" hits="0"/><line number="73" hits="0"/><line number="74" hits="0"/><line number="75" hits="0"/><line number="76" hits="0"/><line number="78" hits="0"/></lines></class><class name="internal_transfer_records" filename="venues/src/bingx/private/rest/internal_transfer_records.rs" line-rate="0" branch-rate="0" complexity="0"><methods/><lines><line number="93" hits="0"/><line number="97" hits="0"/><line number="98" hits="0"/><line number="99" hits="0"/><line number="100" hits="0"/><line number="101" hits="0"/><line number="103" hits="0"/></lines></class><class name="place_multiple_orders" filename="venues/src/bingx/private/rest/place_multiple_orders.rs" line-rate="0" branch-rate="0" complexity="0"><methods/><lines><line number="110" hits="0"/><line number="114" hits="0"/><line number="115" hits="0"/><line number="116" hits="0"/><line number="117" hits="0"/><line number="118" hits="0"/><line number="120" hits="0"/></lines></class><class name="place_order" filename="venues/src/bingx/private/rest/place_order.rs" line-rate="0" branch-rate="0" complexity="0"><methods/><lines><line number="171" hits="0"/><line number="172" hits="0"/><line number="173" hits="0"/><line number="174" hits="0"/><line number="175" hits="0"/><line number="176" hits="0"/><line number="178" hits="0"/></lines></class><class name="post_transfer" filename="venues/src/bingx/private/rest/post_transfer.rs" line-rate="0" branch-rate="0" complexity="0"><methods/><lines><line number="52" hits="0"/><line number="56" hits="0"/><line number="57" hits="0"/><line number="58" hits="0"/><line number="59" hits="0"/><line number="60" hits="0"/><line number="62" hits="0"/></lines></class><class name="query_oco_order" filename="venues/src/bingx/private/rest/query_oco_order.rs" line-rate="0" branch-rate="0" complexity="0"><methods/><lines><line number="78" hits="0"/><line number="82" hits="0"/><line number="83" hits="0"/><line number="84" hits="0"/><line number="85" hits="0"/><line number="86" hits="0"/><line number="88" hits="0"/></lines></class><class name="query_order" filename="venues/src/bingx/private/rest/query_order.rs" line-rate="0" branch-rate="0" complexity="0"><methods/><lines><line number="109" hits="0"/><line number="110" hits="0"/><line number="111" hits="0"/><line number="112" hits="0"/><line number="113" hits="0"/><line number="114" hits="0"/><line number="116" hits="0"/></lines></class><class name="query_transferable_coins" filename="venues/src/bingx/private/rest/query_transferable_coins.rs" line-rate="0" branch-rate="0" complexity="0"><methods/><lines><line number="54" hits="0"/><line number="58" hits="0"/><line number="59" hits="0"/><line number="60" hits="0"/><line number="61" hits="0"/><line number="62" hits="0"/><line number="64" hits="0"/></lines></class><class name="sub_account_api_key" filename="venues/src/bingx/private/rest/sub_account_api_key.rs" line-rate="0" branch-rate="0" complexity="0"><methods/><lines><line number="123" hits="0"/><line number="127" hits="0"/><line number="128" hits="0"/><line number="129" hits="0"/><line number="130" hits="0"/><line number="131" hits="0"/><line number="133" hits="0"/><line number="153" hits="0"/><line number="157" hits="0"/><line number="158" hits="0"/><line number="159" hits="0"/><line number="160" hits="0"/><line number="161" hits="0"/><line number="163" hits="0"/></lines></class><class name="sub_account_transfer" filename="venues/src/bingx/private/rest/sub_account_transfer.rs" line-rate="0" branch-rate="0" complexity="0"><methods/><lines><line number="52" hits="0"/><line number="56" hits="0"/><line number="57" hits="0"/><line number="58" hits="0"/><line number="59" hits="0"/><line number="60" hits="0"/><line number="62" hits="0"/></lines></class><class name="withdraw" filename="venues/src/bingx/private/rest/withdraw.rs" line-rate="0" branch-rate="0" complexity="0"><methods/><lines><line number="74" hits="0"/><line number="75" hits="0"/><line number="76" hits="0"/><line number="77" hits="0"/><line number="78" hits="0"/><line number="79" hits="0"/><line number="81" hits="0"/></lines></class><class name="withdraw_records" filename="venues/src/bingx/private/rest/withdraw_records.rs" line-rate="0" branch-rate="0" complexity="0"><methods/><lines><line number="116" hits="0"/><line number="120" hits="0"/><line number="121" hits="0"/><line number="122" hits="0"/><line number="123" hits="0"/><line number="124" hits="0"/><line number="126" hits="0"/></lines></class></classes></package><package name="venues/src/binance/options/rest" line-rate="0.4098360655737705" branch-rate="0" complexity="0"><classes><class name="common" filename="venues/src/binance/options/rest/common.rs" line-rate="0.4098360655737705" branch-rate="0" complexity="0"><methods/><lines><line number="12" hits="30"/><line number="17" hits="30"/><line number="18" hits="60"/><line number="19" hits="0"/><line number="20" hits="14"/><line number="21" hits="0"/><line number="23" hits="0"/><line number="34" hits="30"/><line number="48" hits="30"/><line number="49" hits="30"/><line number="50" hits="0"/><line number="52" hits="30"/><line number="54" hits="60"/><line number="55" hits="0"/><line number="56" hits="22"/><line number="57" hits="22"/><line number="58" hits="22"/><line number="59" hits="22"/><line number="64" hits="30"/><line number="79" hits="30"/><line number="80" hits="30"/><line number="83" hits="60"/><line number="84" hits="30"/><line number="85" hits="0"/><line number="90" hits="30"/><line number="91" hits="0"/><line number="92" hits="0"/><line number="95" hits="90"/><line number="96" hits="0"/><line number="97" hits="0"/><line number="98" hits="0"/><line number="99" hits="60"/><line number="101" hits="0"/><line number="102" hits="0"/><line number="103" hits="0"/><line number="107" hits="0"/><line number="108" hits="0"/><line number="110" hits="46"/><line number="111" hits="28"/><line number="112" hits="0"/><line number="113" hits="0"/><line number="114" hits="0"/><line number="115" hits="0"/><line number="118" hits="0"/><line number="119" hits="0"/><line number="120" hits="0"/><line number="121" hits="0"/><line number="124" hits="0"/><line number="125" hits="0"/><line number="126" hits="0"/><line number="128" hits="0"/><line number="129" hits="0"/><line number="130" hits="0"/><line number="132" hits="0"/><line number="134" hits="6"/><line number="135" hits="6"/><line number="136" hits="0"/><line number="153" hits="0"/><line number="154" hits="0"/><line number="155" hits="0"/><line number="156" hits="0"/></lines></class></classes></package><package name="_disabled/examples/gateio" line-rate="0" branch-rate="0" complexity="0"><classes></classes></package><package name="venues/src/gateio/private/rest" line-rate="0" branch-rate="0" complexity="0"><classes><class name="account_book" filename="venues/src/gateio/private/rest/account_book.rs" line-rate="0" branch-rate="0" complexity="0"><methods/><lines><line number="57" hits="0"/><line number="61" hits="0"/></lines></class><class name="amend_batch_orders" filename="venues/src/gateio/private/rest/amend_batch_orders.rs" line-rate="0" branch-rate="0" complexity="0"><methods/><lines><line number="116" hits="0"/><line number="120" hits="0"/></lines></class><class name="amend_order" filename="venues/src/gateio/private/rest/amend_order.rs" line-rate="0" branch-rate="0" complexity="0"><methods/><lines><line number="29" hits="0"/><line number="35" hits="0"/><line number="37" hits="0"/><line number="40" hits="0"/><line number="43" hits="0"/></lines></class><class name="cancel_all_orders" filename="venues/src/gateio/private/rest/cancel_all_orders.rs" line-rate="0" branch-rate="0" complexity="0"><methods/><lines><line number="28" hits="0"/><line number="32" hits="0"/><line number="36" hits="0"/><line number="41" hits="0"/><line number="45" hits="0"/></lines></class><class name="cancel_batch_orders" filename="venues/src/gateio/private/rest/cancel_batch_orders.rs" line-rate="0" branch-rate="0" complexity="0"><methods/><lines><line number="43" hits="0"/><line number="47" hits="0"/></lines></class><class name="cancel_order" filename="venues/src/gateio/private/rest/cancel_order.rs" line-rate="0" branch-rate="0" complexity="0"><methods/><lines><line number="24" hits="0"/><line number="30" hits="0"/><line number="33" hits="0"/><line number="34" hits="0"/></lines></class><class name="client" filename="venues/src/gateio/private/rest/client.rs" line-rate="0" branch-rate="0" complexity="0"><methods/><lines><line number="28" hits="0"/><line number="29" hits="0"/><line number="30" hits="0"/><line number="32" hits="0"/><line number="35" hits="0"/><line number="36" hits="0"/><line number="37" hits="0"/><line number="38" hits="0"/><line number="39" hits="0"/><line number="44" hits="0"/><line number="45" hits="0"/><line number="49" hits="0"/><line number="58" hits="0"/><line number="59" hits="0"/><line number="60" hits="0"/><line number="63" hits="0"/><line number="65" hits="0"/><line number="69" hits="0"/><line number="70" hits="0"/><line number="72" hits="0"/><line number="76" hits="0"/><line number="80" hits="0"/><line number="81" hits="0"/><line number="85" hits="0"/><line number="90" hits="0"/><line number="91" hits="0"/><line number="95" hits="0"/><line number="99" hits="0"/><line number="100" hits="0"/><line number="104" hits="0"/><line number="108" hits="0"/><line number="109" hits="0"/><line number="113" hits="0"/><line number="117" hits="0"/><line number="118" hits="0"/><line number="122" hits="0"/><line number="127" hits="0"/><line number="128" hits="0"/><line number="132" hits="0"/><line number="136" hits="0"/><line number="137" hits="0"/><line number="141" hits="0"/><line number="152" hits="0"/><line number="153" hits="0"/><line number="154" hits="0"/><line number="158" hits="0"/><line number="159" hits="0"/><line number="163" hits="0"/><line number="164" hits="0"/><line number="170" hits="0"/><line number="171" hits="0"/><line number="172" hits="0"/><line number="174" hits="0"/><line number="178" hits="0"/><line number="179" hits="0"/><line number="181" hits="0"/><line number="185" hits="0"/><line number="186" hits="0"/><line number="188" hits="0"/><line number="189" hits="0"/><line number="190" hits="0"/><line number="191" hits="0"/><line number="192" hits="0"/><line number="193" hits="0"/><line number="196" hits="0"/><line number="197" hits="0"/><line number="198" hits="0"/><line number="203" hits="0"/><line number="204" hits="0"/><line number="205" hits="0"/><line number="206" hits="0"/><line number="209" hits="0"/><line number="211" hits="0"/><line number="212" hits="0"/><line number="214" hits="0"/><line number="215" hits="0"/><line number="218" hits="0"/><line number="219" hits="0"/><line number="222" hits="0"/><line number="224" hits="0"/><line number="225" hits="0"/><line number="227" hits="0"/><line number="228" hits="0"/><line number="229" hits="0"/><line number="230" hits="0"/><line number="232" hits="0"/><line number="233" hits="0"/><line number="234" hits="0"/><line number="235" hits="0"/><line number="236" hits="0"/></lines></class><class name="countdown_cancel_all" filename="venues/src/gateio/private/rest/countdown_cancel_all.rs" line-rate="0" branch-rate="0" complexity="0"><methods/><lines><line number="31" hits="0"/><line number="35" hits="0"/></lines></class><class name="create_batch_orders" filename="venues/src/gateio/private/rest/create_batch_orders.rs" line-rate="0" branch-rate="0" complexity="0"><methods/><lines><line number="36" hits="0"/><line number="40" hits="0"/><line number="41" hits="0"/></lines></class><class name="create_order" filename="venues/src/gateio/private/rest/create_order.rs" line-rate="0" branch-rate="0" complexity="0"><methods/><lines><line number="140" hits="0"/><line number="141" hits="0"/></lines></class><class name="cross_liquidate_orders" filename="venues/src/gateio/private/rest/cross_liquidate_orders.rs" line-rate="0" branch-rate="0" complexity="0"><methods/><lines><line number="88" hits="0"/><line number="92" hits="0"/></lines></class><class name="delivery" filename="venues/src/gateio/private/rest/delivery.rs" line-rate="0" branch-rate="0" complexity="0"><methods/><lines><line number="592" hits="0"/><line number="596" hits="0"/><line number="597" hits="0"/><line number="603" hits="0"/><line number="607" hits="0"/><line number="608" hits="0"/><line number="614" hits="0"/><line number="619" hits="0"/><line number="620" hits="0"/><line number="626" hits="0"/><line number="630" hits="0"/><line number="631" hits="0"/><line number="637" hits="0"/><line number="641" hits="0"/><line number="642" hits="0"/><line number="648" hits="0"/><line number="653" hits="0"/><line number="654" hits="0"/><line number="660" hits="0"/><line number="665" hits="0"/><line number="667" hits="0"/><line number="668" hits="0"/><line number="671" hits="0"/><line number="677" hits="0"/><line number="682" hits="0"/><line number="683" hits="0"/><line number="689" hits="0"/><line number="693" hits="0"/><line number="695" hits="0"/><line number="697" hits="0"/><line number="703" hits="0"/><line number="709" hits="0"/><line number="710" hits="0"/><line number="712" hits="0"/><line number="713" hits="0"/><line number="715" hits="0"/><line number="716" hits="0"/><line number="719" hits="0"/><line number="720" hits="0"/><line number="721" hits="0"/><line number="724" hits="0"/><line number="730" hits="0"/><line number="734" hits="0"/><line number="736" hits="0"/><line number="738" hits="0"/><line number="744" hits="0"/><line number="748" hits="0"/><line number="750" hits="0"/><line number="752" hits="0"/><line number="758" hits="0"/><line number="762" hits="0"/><line number="763" hits="0"/><line number="769" hits="0"/><line number="773" hits="0"/><line number="774" hits="0"/><line number="780" hits="0"/><line number="784" hits="0"/><line number="785" hits="0"/><line number="791" hits="0"/><line number="795" hits="0"/><line number="796" hits="0"/><line number="802" hits="0"/><line number="806" hits="0"/><line number="807" hits="0"/><line number="813" hits="0"/><line number="817" hits="0"/><line number="818" hits="0"/><line number="824" hits="0"/><line number="829" hits="0"/><line number="830" hits="0"/><line number="836" hits="0"/><line number="841" hits="0"/><line number="842" hits="0"/><line number="848" hits="0"/><line number="853" hits="0"/><line number="861" hits="0"/><line number="862" hits="0"/></lines></class><class name="futures" filename="venues/src/gateio/private/rest/futures.rs" line-rate="0" branch-rate="0" complexity="0"><methods/><lines><line number="983" hits="0"/><line number="987" hits="0"/><line number="988" hits="0"/><line number="997" hits="0"/><line number="1001" hits="0"/><line number="1002" hits="0"/><line number="1011" hits="0"/><line number="1016" hits="0"/><line number="1017" hits="0"/><line number="1026" hits="0"/><line number="1030" hits="0"/><line number="1031" hits="0"/><line number="1040" hits="0"/><line number="1044" hits="0"/><line number="1045" hits="0"/><line number="1051" hits="0"/><line number="1056" hits="0"/><line number="1057" hits="0"/><line number="1063" hits="0"/><line number="1069" hits="0"/><line number="1071" hits="0"/><line number="1072" hits="0"/><line number="1073" hits="0"/><line number="1075" hits="0"/><line number="1076" hits="0"/><line number="1079" hits="0"/><line number="1080" hits="0"/><line number="1081" hits="0"/><line number="1084" hits="0"/><line number="1090" hits="0"/><line number="1095" hits="0"/><line number="1096" hits="0"/><line number="1102" hits="0"/><line number="1106" hits="0"/><line number="1108" hits="0"/><line number="1110" hits="0"/><line number="1116" hits="0"/><line number="1120" hits="0"/><line number="1122" hits="0"/><line number="1124" hits="0"/><line number="1130" hits="0"/><line number="1134" hits="0"/><line number="1136" hits="0"/><line number="1138" hits="0"/><line number="1144" hits="0"/><line number="1145" hits="0"/><line number="1147" hits="0"/><line number="1149" hits="0"/><line number="1150" hits="0"/><line number="1156" hits="0"/><line number="1160" hits="0"/><line number="1161" hits="0"/><line number="1167" hits="0"/><line number="1172" hits="0"/><line number="1173" hits="0"/><line number="1179" hits="0"/><line number="1183" hits="0"/><line number="1185" hits="0"/><line number="1187" hits="0"/><line number="1193" hits="0"/><line number="1197" hits="0"/><line number="1199" hits="0"/><line number="1201" hits="0"/><line number="1207" hits="0"/><line number="1211" hits="0"/><line number="1213" hits="0"/><line number="1215" hits="0"/><line number="1221" hits="0"/><line number="1225" hits="0"/><line number="1226" hits="0"/><line number="1232" hits="0"/><line number="1236" hits="0"/><line number="1237" hits="0"/><line number="1243" hits="0"/><line number="1247" hits="0"/><line number="1248" hits="0"/><line number="1254" hits="0"/><line number="1258" hits="0"/><line number="1259" hits="0"/><line number="1265" hits="0"/><line number="1269" hits="0"/><line number="1270" hits="0"/><line number="1276" hits="0"/><line number="1280" hits="0"/><line number="1281" hits="0"/><line number="1287" hits="0"/><line number="1291" hits="0"/><line number="1292" hits="0"/><line number="1298" hits="0"/><line number="1302" hits="0"/><line number="1303" hits="0"/><line number="1309" hits="0"/><line number="1314" hits="0"/><line number="1315" hits="0"/><line number="1321" hits="0"/><line number="1326" hits="0"/><line number="1327" hits="0"/><line number="1333" hits="0"/><line number="1338" hits="0"/><line number="1346" hits="0"/><line number="1347" hits="0"/><line number="1353" hits="0"/><line number="1357" hits="0"/><line number="1358" hits="0"/><line number="1364" hits="0"/><line number="1368" hits="0"/><line number="1369" hits="0"/><line number="1375" hits="0"/><line number="1379" hits="0"/><line number="1380" hits="0"/><line number="1386" hits="0"/><line number="1390" hits="0"/><line number="1391" hits="0"/><line number="1397" hits="0"/><line number="1401" hits="0"/><line number="1402" hits="0"/><line number="1408" hits="0"/><line number="1412" hits="0"/><line number="1413" hits="0"/><line number="1419" hits="0"/><line number="1423" hits="0"/><line number="1424" hits="0"/><line number="1430" hits="0"/><line number="1434" hits="0"/><line number="1435" hits="0"/></lines></class><class name="get_order" filename="venues/src/gateio/private/rest/get_order.rs" line-rate="0" branch-rate="0" complexity="0"><methods/><lines><line number="24" hits="0"/><line number="30" hits="0"/><line number="33" hits="0"/><line number="34" hits="0"/></lines></class><class name="list_open_orders" filename="venues/src/gateio/private/rest/list_open_orders.rs" line-rate="0" branch-rate="0" complexity="0"><methods/><lines><line number="120" hits="0"/><line number="124" hits="0"/></lines></class><class name="list_orders" filename="venues/src/gateio/private/rest/list_orders.rs" line-rate="0" branch-rate="0" complexity="0"><methods/><lines><line number="49" hits="0"/><line number="53" hits="0"/></lines></class><class name="margin_accounts" filename="venues/src/gateio/private/rest/margin_accounts.rs" line-rate="0" branch-rate="0" complexity="0"><methods/><lines><line number="114" hits="0"/><line number="118" hits="0"/><line number="125" hits="0"/><line number="129" hits="0"/></lines></class><class name="margin_funding" filename="venues/src/gateio/private/rest/margin_funding.rs" line-rate="0" branch-rate="0" complexity="0"><methods/><lines><line number="92" hits="0"/><line number="96" hits="0"/><line number="97" hits="0"/><line number="104" hits="0"/><line number="108" hits="0"/><line number="115" hits="0"/><line number="119" hits="0"/><line number="125" hits="0"/><line number="126" hits="0"/><line number="132" hits="0"/><line number="136" hits="0"/></lines></class><class name="margin_loans" filename="venues/src/gateio/private/rest/margin_loans.rs" line-rate="0" branch-rate="0" complexity="0"><methods/><lines><line number="256" hits="0"/><line number="260" hits="0"/><line number="266" hits="0"/><line number="267" hits="0"/><line number="268" hits="0"/><line number="274" hits="0"/><line number="275" hits="0"/><line number="281" hits="0"/><line number="286" hits="0"/><line number="287" hits="0"/><line number="293" hits="0"/><line number="299" hits="0"/><line number="301" hits="0"/><line number="303" hits="0"/><line number="309" hits="0"/><line number="314" hits="0"/><line number="315" hits="0"/><line number="321" hits="0"/><line number="325" hits="0"/><line number="326" hits="0"/><line number="332" hits="0"/><line number="336" hits="0"/><line number="342" hits="0"/><line number="347" hits="0"/><line number="348" hits="0"/><line number="354" hits="0"/><line number="359" hits="0"/><line number="360" hits="0"/><line number="361" hits="0"/><line number="363" hits="0"/></lines></class><class name="non_zero_balances" filename="venues/src/gateio/private/rest/non_zero_balances.rs" line-rate="0" branch-rate="0" complexity="0"><methods/><lines><line number="10" hits="0"/><line number="11" hits="0"/><line number="12" hits="0"/><line number="13" hits="0"/><line number="14" hits="0"/><line number="15" hits="0"/><line number="16" hits="0"/><line number="17" hits="0"/><line number="19" hits="0"/></lines></class><class name="options" filename="venues/src/gateio/private/rest/options.rs" line-rate="0" branch-rate="0" complexity="0"><methods/><lines><line number="488" hits="0"/><line number="489" hits="0"/><line number="495" hits="0"/><line number="499" hits="0"/><line number="505" hits="0"/><line number="509" hits="0"/><line number="510" hits="0"/><line number="516" hits="0"/><line number="520" hits="0"/><line number="526" hits="0"/><line number="530" hits="0"/><line number="536" hits="0"/><line number="537" hits="0"/><line number="538" hits="0"/><line number="544" hits="0"/><line number="549" hits="0"/><line number="550" hits="0"/><line number="552" hits="0"/><line number="553" hits="0"/><line number="555" hits="0"/><line number="556" hits="0"/><line number="559" hits="0"/><line number="560" hits="0"/><line number="561" hits="0"/><line number="564" hits="0"/><line number="570" hits="0"/><line number="574" hits="0"/><line number="575" hits="0"/><line number="581" hits="0"/><line number="582" hits="0"/><line number="583" hits="0"/><line number="589" hits="0"/><line number="593" hits="0"/><line number="599" hits="0"/><line number="600" hits="0"/><line number="601" hits="0"/><line number="603" hits="0"/><line number="609" hits="0"/><line number="614" hits="0"/><line number="615" hits="0"/><line number="617" hits="0"/><line number="618" hits="0"/><line number="620" hits="0"/><line number="621" hits="0"/><line number="624" hits="0"/><line number="625" hits="0"/><line number="626" hits="0"/><line number="629" hits="0"/><line number="635" hits="0"/><line number="640" hits="0"/><line number="641" hits="0"/><line number="643" hits="0"/><line number="644" hits="0"/><line number="646" hits="0"/><line number="647" hits="0"/><line number="650" hits="0"/><line number="651" hits="0"/><line number="652" hits="0"/><line number="655" hits="0"/><line number="661" hits="0"/><line number="665" hits="0"/><line number="671" hits="0"/><line number="675" hits="0"/><line number="676" hits="0"/><line number="682" hits="0"/><line number="686" hits="0"/><line number="692" hits="0"/><line number="697" hits="0"/><line number="698" hits="0"/><line number="701" hits="0"/><line number="704" hits="0"/><line number="708" hits="0"/></lines></class><class name="price_orders" filename="venues/src/gateio/private/rest/price_orders.rs" line-rate="0" branch-rate="0" complexity="0"><methods/><lines><line number="136" hits="0"/><line number="140" hits="0"/><line number="149" hits="0"/><line number="150" hits="0"/><line number="151" hits="0"/><line number="161" hits="0"/><line number="165" hits="0"/><line number="174" hits="0"/><line number="179" hits="0"/><line number="181" hits="0"/><line number="183" hits="0"/><line number="192" hits="0"/><line number="193" hits="0"/><line number="194" hits="0"/></lines></class><class name="spot_accounts" filename="venues/src/gateio/private/rest/spot_accounts.rs" line-rate="0" branch-rate="0" complexity="0"><methods/><lines><line number="32" hits="0"/><line number="37" hits="0"/><line number="40" hits="0"/><line number="41" hits="0"/><line number="43" hits="0"/></lines></class><class name="spot_balance" filename="venues/src/gateio/private/rest/spot_balance.rs" line-rate="0" branch-rate="0" complexity="0"><methods/><lines><line number="12" hits="0"/><line number="16" hits="0"/><line number="17" hits="0"/><line number="19" hits="0"/><line number="20" hits="0"/><line number="21" hits="0"/></lines></class><class name="spot_trades" filename="venues/src/gateio/private/rest/spot_trades.rs" line-rate="0" branch-rate="0" complexity="0"><methods/><lines><line number="81" hits="0"/><line number="85" hits="0"/><line number="89" hits="0"/><line number="95" hits="0"/><line number="99" hits="0"/><line number="103" hits="0"/><line number="109" hits="0"/><line number="110" hits="0"/><line number="113" hits="0"/><line number="117" hits="0"/><line number="125" hits="0"/><line number="126" hits="0"/><line number="127" hits="0"/><line number="131" hits="0"/><line number="135" hits="0"/><line number="140" hits="0"/><line number="141" hits="0"/><line number="142" hits="0"/><line number="143" hits="0"/><line number="144" hits="0"/><line number="146" hits="0"/><line number="147" hits="0"/></lines></class><class name="unified_accounts" filename="venues/src/gateio/private/rest/unified_accounts.rs" line-rate="0" branch-rate="0" complexity="0"><methods/><lines><line number="141" hits="0"/><line number="146" hits="0"/><line number="148" hits="0"/></lines></class><class name="unified_advanced" filename="venues/src/gateio/private/rest/unified_advanced.rs" line-rate="0" branch-rate="0" complexity="0"><methods/><lines><line number="315" hits="0"/><line number="316" hits="0"/><line number="322" hits="0"/><line number="326" hits="0"/><line number="332" hits="0"/><line number="336" hits="0"/><line number="342" hits="0"/><line number="346" hits="0"/><line number="352" hits="0"/><line number="356" hits="0"/><line number="362" hits="0"/><line number="366" hits="0"/><line number="372" hits="0"/><line number="375" hits="0"/><line number="381" hits="0"/><line number="384" hits="0"/><line number="390" hits="0"/><line number="391" hits="0"/><line number="397" hits="0"/><line number="398" hits="0"/><line number="404" hits="0"/><line number="408" hits="0"/><line number="414" hits="0"/><line number="418" hits="0"/><line number="419" hits="0"/><line number="425" hits="0"/><line number="429" hits="0"/><line number="430" hits="0"/><line number="431" hits="0"/><line number="433" hits="0"/><line number="439" hits="0"/><line number="443" hits="0"/><line number="445" hits="0"/><line number="447" hits="0"/><line number="453" hits="0"/><line number="457" hits="0"/><line number="458" hits="0"/><line number="464" hits="0"/><line number="468" hits="0"/></lines></class><class name="unified_loans" filename="venues/src/gateio/private/rest/unified_loans.rs" line-rate="0" branch-rate="0" complexity="0"><methods/><lines><line number="100" hits="0"/><line number="104" hits="0"/><line number="108" hits="0"/><line number="114" hits="0"/><line number="115" hits="0"/><line number="116" hits="0"/><line number="118" hits="0"/><line number="122" hits="0"/><line number="128" hits="0"/><line number="129" hits="0"/><line number="130" hits="0"/><line number="132" hits="0"/><line number="136" hits="0"/><line number="137" hits="0"/><line number="138" hits="0"/><line number="140" hits="0"/><line number="141" hits="0"/><line number="144" hits="0"/><line number="150" hits="0"/><line number="154" hits="0"/><line number="158" hits="0"/><line number="164" hits="0"/><line number="168" hits="0"/><line number="172" hits="0"/><line number="181" hits="0"/><line number="187" hits="0"/><line number="189" hits="0"/><line number="191" hits="0"/><line number="197" hits="0"/><line number="201" hits="0"/><line number="202" hits="0"/></lines></class><class name="unified_margin" filename="venues/src/gateio/private/rest/unified_margin.rs" line-rate="0" branch-rate="0" complexity="0"><methods/><lines><line number="247" hits="0"/><line number="251" hits="0"/><line number="252" hits="0"/><line number="258" hits="0"/><line number="262" hits="0"/><line number="263" hits="0"/><line number="269" hits="0"/><line number="273" hits="0"/><line number="279" hits="0"/><line number="283" hits="0"/><line number="289" hits="0"/><line number="293" hits="0"/><line number="294" hits="0"/><line number="300" hits="0"/><line number="304" hits="0"/><line number="310" hits="0"/><line number="314" hits="0"/><line number="315" hits="0"/></lines></class><class name="wallet" filename="venues/src/gateio/private/rest/wallet.rs" line-rate="0" branch-rate="0" complexity="0"><methods/><lines><line number="286" hits="0"/><line number="290" hits="0"/><line number="299" hits="0"/><line number="303" hits="0"/><line number="304" hits="0"/><line number="313" hits="0"/><line number="317" hits="0"/><line number="326" hits="0"/><line number="330" hits="0"/><line number="339" hits="0"/><line number="343" hits="0"/><line number="352" hits="0"/><line number="356" hits="0"/></lines></class></classes></package><package name="_disabled/examples/binance" line-rate="0" branch-rate="0" complexity="0"><classes></classes></package><package name="_disabled/tests_ai/binancecoinm" line-rate="0" branch-rate="0" complexity="0"><classes></classes></package><package name="venues/src/bingx" line-rate="0.23007246376811594" branch-rate="0" complexity="0"><classes><class name="enums" filename="venues/src/bingx/enums.rs" line-rate="0.17142857142857143" branch-rate="0" complexity="0"><methods/><lines><line number="27" hits="0"/><line number="28" hits="0"/><line number="29" hits="0"/><line number="30" hits="0"/><line number="31" hits="0"/><line number="32" hits="0"/><line number="33" hits="0"/><line number="34" hits="0"/><line number="35" hits="0"/><line number="36" hits="0"/><line number="582" hits="9"/><line number="583" hits="9"/><line number="584" hits="2"/><line number="585" hits="0"/><line number="586" hits="1"/><line number="587" hits="0"/><line number="588" hits="0"/><line number="589" hits="5"/><line number="590" hits="0"/><line number="591" hits="0"/><line number="592" hits="0"/><line number="593" hits="0"/><line number="594" hits="0"/><line number="595" hits="1"/><line number="596" hits="0"/><line number="597" hits="0"/><line number="598" hits="0"/><line number="645" hits="0"/><line number="646" hits="0"/><line number="647" hits="0"/><line number="648" hits="0"/><line number="649" hits="0"/><line number="650" hits="0"/><line number="651" hits="0"/><line number="652" hits="0"/></lines></class><class name="errors" filename="venues/src/bingx/errors.rs" line-rate="0.15384615384615385" branch-rate="0" complexity="0"><methods/><lines><line number="43" hits="9"/><line number="44" hits="9"/><line number="49" hits="0"/><line number="50" hits="0"/><line number="55" hits="0"/><line number="56" hits="0"/><line number="57" hits="0"/><line number="58" hits="0"/><line number="59" hits="0"/><line number="60" hits="0"/><line number="61" hits="0"/><line number="63" hits="0"/><line number="64" hits="0"/></lines></class><class name="rate_limit" filename="venues/src/bingx/rate_limit.rs" line-rate="0.7407407407407407" branch-rate="0" complexity="0"><methods/><lines><line number="37" hits="44"/><line number="61" hits="35"/><line number="63" hits="35"/><line number="68" hits="44"/><line number="69" hits="44"/><line number="70" hits="9"/><line number="71" hits="1"/><line number="72" hits="0"/><line number="73" hits="34"/><line number="74" hits="0"/><line number="75" hits="0"/><line number="80" hits="88"/><line number="81" hits="44"/><line number="82" hits="44"/><line number="83" hits="44"/><line number="85" hits="88"/><line number="86" hits="44"/><line number="89" hits="114"/><line number="92" hits="44"/><line number="93" hits="1"/><line number="96" hits="43"/><line number="100" hits="68"/><line number="101" hits="68"/><line number="102" hits="0"/><line number="103" hits="0"/><line number="108" hits="0"/><line number="109" hits="0"/></lines></class></classes></package><package name="venues/src/deribit/private/rest" line-rate="0.05527638190954774" branch-rate="0" complexity="0"><classes><class name="add_block_rfq_quote" filename="venues/src/deribit/private/rest/add_block_rfq_quote.rs" line-rate="0" branch-rate="0" complexity="0"><methods/><lines><line number="171" hits="0"/><line number="175" hits="0"/><line number="176" hits="0"/><line number="177" hits="0"/><line number="178" hits="0"/><line number="180" hits="0"/></lines></class><class name="add_to_address_book" filename="venues/src/deribit/private/rest/add_to_address_book.rs" line-rate="0" branch-rate="0" complexity="0"><methods/><lines><line number="130" hits="0"/><line number="134" hits="0"/><line number="135" hits="0"/><line number="136" hits="0"/><line number="137" hits="0"/><line number="139" hits="0"/></lines></class><class name="approve_block_trade" filename="venues/src/deribit/private/rest/approve_block_trade.rs" line-rate="0" branch-rate="0" complexity="0"><methods/><lines><line number="58" hits="0"/><line number="62" hits="0"/><line number="63" hits="0"/><line number="64" hits="0"/><line number="65" hits="0"/><line number="67" hits="0"/></lines></class><class name="cancel_all" filename="venues/src/deribit/private/rest/cancel_all.rs" line-rate="0" branch-rate="0" complexity="0"><methods/><lines><line number="39" hits="0"/><line number="40" hits="0"/><line number="41" hits="0"/></lines></class><class name="cancel_all_block_rfq_quotes" filename="venues/src/deribit/private/rest/cancel_all_block_rfq_quotes.rs" line-rate="0" branch-rate="0" complexity="0"><methods/><lines><line number="42" hits="0"/><line number="46" hits="0"/><line number="47" hits="0"/><line number="48" hits="0"/><line number="49" hits="0"/><line number="51" hits="0"/></lines></class><class name="cancel_all_by_currency" filename="venues/src/deribit/private/rest/cancel_all_by_currency.rs" line-rate="0" branch-rate="0" complexity="0"><methods/><lines><line number="53" hits="0"/><line number="57" hits="0"/><line number="58" hits="0"/><line number="59" hits="0"/><line number="60" hits="0"/><line number="62" hits="0"/></lines></class><class name="cancel_all_by_currency_pair" filename="venues/src/deribit/private/rest/cancel_all_by_currency_pair.rs" line-rate="0" branch-rate="0" complexity="0"><methods/><lines><line number="53" hits="0"/><line number="57" hits="0"/><line number="58" hits="0"/><line number="59" hits="0"/><line number="60" hits="0"/><line number="62" hits="0"/></lines></class><class name="cancel_all_by_instrument" filename="venues/src/deribit/private/rest/cancel_all_by_instrument.rs" line-rate="0" branch-rate="0" complexity="0"><methods/><lines><line number="51" hits="0"/><line number="55" hits="0"/><line number="56" hits="0"/><line number="57" hits="0"/><line number="58" hits="0"/><line number="60" hits="0"/></lines></class><class name="cancel_all_by_kind_or_type" filename="venues/src/deribit/private/rest/cancel_all_by_kind_or_type.rs" line-rate="0.5652173913043478" branch-rate="0" complexity="0"><methods/><lines><line number="24" hits="3"/><line number="25" hits="3"/><line number="29" hits="2"/><line number="30" hits="2"/><line number="34" hits="2"/><line number="35" hits="2"/><line number="40" hits="3"/><line number="45" hits="6"/><line number="47" hits="0"/><line number="48" hits="1"/><line number="49" hits="1"/><line number="51" hits="4"/><line number="53" hits="1"/><line number="55" hits="0"/><line number="56" hits="4"/><line number="57" hits="0"/><line number="59" hits="0"/><line number="106" hits="0"/><line number="110" hits="0"/><line number="111" hits="0"/><line number="112" hits="0"/><line number="113" hits="0"/><line number="115" hits="0"/></lines></class><class name="cancel_block_rfq" filename="venues/src/deribit/private/rest/cancel_block_rfq.rs" line-rate="0" branch-rate="0" complexity="0"><methods/><lines><line number="39" hits="0"/><line number="43" hits="0"/><line number="44" hits="0"/><line number="45" hits="0"/><line number="46" hits="0"/><line number="48" hits="0"/></lines></class><class name="cancel_block_rfq_quote" filename="venues/src/deribit/private/rest/cancel_block_rfq_quote.rs" line-rate="0" branch-rate="0" complexity="0"><methods/><lines><line number="49" hits="0"/><line number="53" hits="0"/><line number="54" hits="0"/><line number="55" hits="0"/><line number="56" hits="0"/><line number="58" hits="0"/></lines></class><class name="cancel_by_label" filename="venues/src/deribit/private/rest/cancel_by_label.rs" line-rate="0" branch-rate="0" complexity="0"><methods/><lines><line number="40" hits="0"/><line number="44" hits="0"/><line number="45" hits="0"/><line number="46" hits="0"/><line number="47" hits="0"/><line number="49" hits="0"/></lines></class><class name="cancel_order" filename="venues/src/deribit/private/rest/cancel_order.rs" line-rate="0" branch-rate="0" complexity="0"><methods/><lines><line number="237" hits="0"/><line number="241" hits="0"/><line number="242" hits="0"/><line number="243" hits="0"/><line number="244" hits="0"/><line number="246" hits="0"/></lines></class><class name="cancel_quotes" filename="venues/src/deribit/private/rest/cancel_quotes.rs" line-rate="0" branch-rate="0" complexity="0"><methods/><lines><line number="99" hits="0"/><line number="103" hits="0"/><line number="104" hits="0"/><line number="105" hits="0"/><line number="106" hits="0"/><line number="108" hits="0"/></lines></class><class name="cancel_withdrawal" filename="venues/src/deribit/private/rest/cancel_withdrawal.rs" line-rate="0" branch-rate="0" complexity="0"><methods/><lines><line number="40" hits="0"/><line number="44" hits="0"/><line number="45" hits="0"/><line number="46" hits="0"/><line number="47" hits="0"/><line number="49" hits="0"/></lines></class><class name="client" filename="venues/src/deribit/private/rest/client.rs" line-rate="0.2" branch-rate="0" complexity="0"><methods/><lines><line number="46" hits="54"/><line number="54" hits="54"/><line number="76" hits="1"/><line number="83" hits="1"/><line number="86" hits="1"/><line number="87" hits="2"/><line number="88" hits="2"/><line number="95" hits="0"/><line number="106" hits="0"/><line number="108" hits="0"/><line number="109" hits="0"/><line number="112" hits="0"/><line number="113" hits="0"/><line number="114" hits="0"/><line n
[...]
line number="31" hits="0"/><line number="32" hits="0"/><line number="33" hits="0"/><line number="34" hits="0"/><line number="52" hits="0"/><line number="53" hits="0"/><line number="54" hits="0"/><line number="55" hits="0"/><line number="56" hits="0"/><line number="57" hits="0"/><line number="58" hits="0"/><line number="59" hits="0"/><line number="60" hits="0"/><line number="79" hits="0"/><line number="80" hits="0"/><line number="81" hits="0"/><line number="82" hits="0"/><line number="83" hits="0"/><line number="84" hits="0"/><line number="97" hits="0"/><line number="98" hits="0"/><line number="99" hits="0"/><line number="100" hits="0"/><line number="121" hits="0"/><line number="122" hits="0"/><line number="123" hits="0"/><line number="124" hits="0"/><line number="125" hits="0"/><line number="126" hits="0"/><line number="127" hits="0"/><line number="144" hits="0"/><line number="145" hits="0"/><line number="146" hits="0"/><line number="147" hits="0"/><line number="166" hits="0"/><line number="167" hits="0"/><line number="168" hits="0"/><line number="169" hits="0"/><line number="170" hits="0"/><line number="171" hits="0"/><line number="197" hits="0"/><line number="198" hits="0"/><line number="199" hits="0"/><line number="200" hits="0"/><line number="201" hits="0"/><line number="202" hits="0"/><line number="203" hits="0"/><line number="204" hits="0"/><line number="205" hits="0"/><line number="206" hits="0"/><line number="207" hits="0"/><line number="208" hits="0"/><line number="209" hits="0"/><line number="210" hits="0"/><line number="211" hits="0"/><line number="212" hits="0"/><line number="213" hits="0"/><line number="226" hits="0"/><line number="227" hits="0"/><line number="228" hits="0"/><line number="229" hits="0"/><line number="241" hits="0"/><line number="242" hits="0"/><line number="243" hits="0"/><line number="358" hits="0"/><line number="359" hits="0"/><line number="360" hits="0"/><line number="361" hits="0"/><line number="362" hits="0"/><line number="363" hits="0"/><line number="364" hits="0"/><line number="365" hits="0"/><line number="366" hits="0"/><line number="367" hits="0"/><line number="368" hits="0"/><line number="412" hits="0"/><line number="413" hits="0"/><line number="414" hits="0"/><line number="415" hits="0"/><line number="416" hits="0"/><line number="417" hits="0"/><line number="418" hits="0"/><line number="419" hits="0"/><line number="420" hits="0"/><line number="421" hits="0"/><line number="422" hits="0"/><line number="423" hits="0"/><line number="424" hits="0"/><line number="425" hits="0"/><line number="426" hits="0"/><line number="427" hits="0"/><line number="428" hits="0"/><line number="444" hits="0"/><line number="445" hits="0"/><line number="446" hits="0"/><line number="447" hits="0"/><line number="448" hits="0"/><line number="449" hits="0"/><line number="479" hits="0"/><line number="480" hits="0"/><line number="481" hits="0"/><line number="482" hits="0"/><line number="483" hits="0"/><line number="484" hits="0"/><line number="485" hits="0"/><line number="486" hits="0"/><line number="487" hits="0"/><line number="488" hits="0"/><line number="489" hits="0"/><line number="519" hits="0"/><line number="520" hits="0"/><line number="521" hits="0"/><line number="522" hits="0"/><line number="523" hits="0"/><line number="524" hits="0"/><line number="525" hits="0"/><line number="526" hits="0"/><line number="527" hits="0"/><line number="528" hits="0"/><line number="529" hits="0"/><line number="535" hits="0"/><line number="536" hits="0"/><line number="549" hits="0"/><line number="550" hits="0"/><line number="551" hits="0"/><line number="552" hits="0"/><line number="595" hits="0"/><line number="596" hits="0"/><line number="597" hits="0"/><line number="598" hits="0"/><line number="599" hits="0"/><line number="600" hits="0"/><line number="601" hits="0"/><line number="602" hits="0"/><line number="603" hits="0"/><line number="604" hits="0"/><line number="605" hits="0"/><line number="606" hits="0"/><line number="607" hits="0"/><line number="608" hits="0"/><line number="610" hits="0"/><line number="612" hits="0"/><line number="613" hits="0"/><line number="614" hits="0"/><line number="615" hits="0"/><line number="616" hits="0"/><line number="617" hits="0"/><line number="618" hits="0"/><line number="619" hits="0"/><line number="620" hits="0"/><line number="621" hits="0"/><line number="622" hits="0"/><line number="623" hits="0"/><line number="624" hits="0"/><line number="625" hits="0"/><line number="626" hits="0"/><line number="627" hits="0"/><line number="628" hits="0"/><line number="629" hits="0"/><line number="643" hits="0"/><line number="644" hits="0"/><line number="645" hits="0"/><line number="646" hits="0"/><line number="663" hits="0"/><line number="664" hits="0"/><line number="665" hits="0"/><line number="666" hits="0"/></lines></class><class name="errors" filename="venues/src/binance/coinm/errors.rs" line-rate="0.024844720496894408" branch-rate="0" complexity="0"><methods/><lines><line number="27" hits="0"/><line number="28" hits="0"/><line number="29" hits="0"/><line number="30" hits="0"/><line number="31" hits="0"/><line number="32" hits="0"/><line number="580" hits="2"/><line number="581" hits="2"/><line number="582" hits="0"/><line number="583" hits="0"/><line number="584" hits="0"/><line number="585" hits="0"/><line number="586" hits="0"/><line number="587" hits="0"/><line number="588" hits="0"/><line number="589" hits="0"/><line number="590" hits="0"/><line number="591" hits="0"/><line number="592" hits="0"/><line number="593" hits="0"/><line number="594" hits="0"/><line number="595" hits="0"/><line number="596" hits="0"/><line number="597" hits="0"/><line number="598" hits="0"/><line number="599" hits="0"/><line number="600" hits="0"/><line number="601" hits="0"/><line number="602" hits="0"/><line number="603" hits="0"/><line number="604" hits="0"/><line number="605" hits="0"/><line number="606" hits="0"/><line number="607" hits="0"/><line number="608" hits="0"/><line number="609" hits="0"/><line number="610" hits="0"/><line number="611" hits="0"/><line number="612" hits="0"/><line number="613" hits="0"/><line number="614" hits="0"/><line number="615" hits="0"/><line number="616" hits="0"/><line number="617" hits="0"/><line number="618" hits="0"/><line number="619" hits="0"/><line number="620" hits="1"/><line number="621" hits="0"/><line number="622" hits="0"/><line number="623" hits="0"/><line number="624" hits="0"/><line number="625" hits="0"/><line number="626" hits="0"/><line number="627" hits="0"/><line number="628" hits="0"/><line number="629" hits="1"/><line number="630" hits="0"/><line number="631" hits="0"/><line number="632" hits="0"/><line number="633" hits="0"/><line number="634" hits="0"/><line number="635" hits="0"/><line number="636" hits="0"/><line number="637" hits="0"/><line number="638" hits="0"/><line number="639" hits="0"/><line number="640" hits="0"/><line number="641" hits="0"/><line number="642" hits="0"/><line number="643" hits="0"/><line number="644" hits="0"/><line number="645" hits="0"/><line number="646" hits="0"/><line number="647" hits="0"/><line number="648" hits="0"/><line number="649" hits="0"/><line number="650" hits="0"/><line number="651" hits="0"/><line number="652" hits="0"/><line number="653" hits="0"/><line number="654" hits="0"/><line number="655" hits="0"/><line number="656" hits="0"/><line number="657" hits="0"/><line number="658" hits="0"/><line number="659" hits="0"/><line number="660" hits="0"/><line number="661" hits="0"/><line number="662" hits="0"/><line number="663" hits="0"/><line number="664" hits="0"/><line number="665" hits="0"/><line number="666" hits="0"/><line number="667" hits="0"/><line number="668" hits="0"/><line number="669" hits="0"/><line number="670" hits="0"/><line number="671" hits="0"/><line number="672" hits="0"/><line number="673" hits="0"/><line number="674" hits="0"/><line number="675" hits="0"/><line number="676" hits="0"/><line number="677" hits="0"/><line number="678" hits="0"/><line number="679" hits="0"/><line number="680" hits="0"/><line number="681" hits="0"/><line number="682" hits="0"/><line number="683" hits="0"/><line number="684" hits="0"/><line number="685" hits="0"/><line number="686" hits="0"/><line number="687" hits="0"/><line number="688" hits="0"/><line number="689" hits="0"/><line number="690" hits="0"/><line number="691" hits="0"/><line number="692" hits="0"/><line number="693" hits="0"/><line number="694" hits="0"/><line number="695" hits="0"/><line number="696" hits="0"/><line number="697" hits="0"/><line number="698" hits="0"/><line number="699" hits="0"/><line number="700" hits="0"/><line number="701" hits="0"/><line number="702" hits="0"/><line number="703" hits="0"/><line number="704" hits="0"/><line number="705" hits="0"/><line number="706" hits="0"/><line number="707" hits="0"/><line number="708" hits="0"/><line number="709" hits="0"/><line number="710" hits="0"/><line number="711" hits="0"/><line number="712" hits="0"/><line number="713" hits="0"/><line number="714" hits="0"/><line number="715" hits="0"/><line number="716" hits="0"/><line number="717" hits="0"/><line number="718" hits="0"/><line number="719" hits="0"/><line number="720" hits="0"/><line number="721" hits="0"/><line number="722" hits="0"/><line number="723" hits="0"/><line number="724" hits="0"/><line number="725" hits="0"/><line number="726" hits="0"/><line number="727" hits="0"/><line number="728" hits="0"/><line number="729" hits="0"/><line number="730" hits="0"/><line number="731" hits="0"/><line number="732" hits="0"/><line number="734" hits="0"/><line number="735" hits="0"/></lines></class><class name="rate_limit" filename="venues/src/binance/coinm/rate_limit.rs" line-rate="0.38202247191011235" branch-rate="0" complexity="0"><methods/><lines><line number="43" hits="19"/><line number="44" hits="19"/><line number="45" hits="0"/><line number="46" hits="19"/><line number="47" hits="0"/><line number="48" hits="0"/><line number="49" hits="0"/><line number="54" hits="0"/><line number="55" hits="0"/><line number="56" hits="0"/><line number="57" hits="0"/><line number="58" hits="0"/><line number="59" hits="0"/><line number="87" hits="505"/><line number="88" hits="991"/><line number="89" hits="991"/><line number="90" hits="351"/><line number="91" hits="351"/><line number="92" hits="351"/><line number="93" hits="1520"/><line number="95" hits="524"/><line number="97" hits="19"/><line number="98" hits="19"/><line number="100" hits="486"/><line number="102" hits="0"/><line number="103" hits="0"/><line number="106" hits="486"/><line number="108" hits="0"/><line number="109" hits="0"/><line number="111" hits="19"/><line number="112" hits="19"/><line number="113" hits="19"/><line number="114" hits="0"/><line number="115" hits="0"/><line number="116" hits="0"/><line number="117" hits="0"/><line number="123" hits="0"/><line number="124" hits="0"/><line number="129" hits="0"/><line number="130" hits="0"/><line number="131" hits="0"/><line number="132" hits="0"/><line number="134" hits="0"/><line number="162" hits="27"/><line number="163" hits="27"/><line number="167" hits="26"/><line number="168" hits="78"/><line number="169" hits="0"/><line number="174" hits="52"/><line number="175" hits="52"/><line number="176" hits="0"/><line number="177" hits="0"/><line number="181" hits="0"/><line number="182" hits="0"/><line number="187" hits="0"/><line number="188" hits="0"/><line number="189" hits="0"/><line number="190" hits="0"/><line number="191" hits="0"/><line number="192" hits="0"/><line number="196" hits="0"/><line number="197" hits="0"/><line number="201" hits="0"/><line number="202" hits="0"/><line number="206" hits="0"/><line number="207" hits="0"/><line number="212" hits="48"/><line number="213" hits="48"/><line number="223" hits="41"/><line number="224" hits="0"/><line number="232" hits="52"/><line number="233" hits="52"/><line number="235" hits="26"/><line number="236" hits="0"/><line number="237" hits="0"/><line number="241" hits="26"/><line number="242" hits="26"/><line number="243" hits="0"/><line number="244" hits="0"/><line number="245" hits="0"/><line number="246" hits="0"/><line number="251" hits="26"/><line number="252" hits="0"/><line number="253" hits="0"/><line number="254" hits="0"/><line number="257" hits="0"/><line number="258" hits="0"/><line number="259" hits="0"/><line number="263" hits="26"/></lines></class><class name="request" filename="venues/src/binance/coinm/request.rs" line-rate="0.2608695652173913" branch-rate="0" complexity="0"><methods/><lines><line number="9" hits="0"/><line number="10" hits="0"/><line number="11" hits="0"/><line number="12" hits="0"/><line number="49" hits="26"/><line number="60" hits="26"/><line number="61" hits="52"/><line number="62" hits="26"/><line number="63" hits="0"/><line number="66" hits="26"/><line number="67" hits="0"/><line number="69" hits="26"/><line number="70" hits="78"/><line number="71" hits="0"/><line number="72" hits="0"/><line number="73" hits="0"/><line number="74" hits="52"/><line number="76" hits="0"/><line number="78" hits="505"/><line number="79" hits="505"/><line number="80" hits="1067"/><line number="83" hits="0"/><line number="85" hits="0"/><line number="87" hits="2"/><line number="88" hits="0"/><line number="90" hits="24"/><line number="92" hits="0"/><line number="93" hits="0"/><line number="97" hits="48"/><line number="98" hits="24"/><line number="99" hits="0"/><line number="100" hits="0"/><line number="101" hits="0"/><line number="102" hits="0"/><line number="105" hits="0"/><line number="107" hits="0"/><line number="109" hits="0"/><line number="110" hits="0"/><line number="111" hits="0"/><line number="113" hits="0"/><line number="114" hits="0"/><line number="115" hits="0"/><line number="117" hits="0"/><line number="118" hits="0"/><line number="119" hits="0"/><line number="120" hits="0"/><line number="121" hits="0"/><line number="122" hits="0"/><line number="123" hits="0"/><line number="124" hits="0"/><line number="127" hits="0"/><line number="129" hits="0"/><line number="130" hits="0"/><line number="132" hits="0"/><line number="134" hits="0"/><line number="135" hits="0"/><line number="137" hits="0"/><line number="139" hits="0"/><line number="140" hits="0"/><line number="142" hits="2"/><line number="144" hits="0"/><line number="145" hits="0"/><line number="146" hits="0"/><line number="148" hits="0"/><line number="151" hits="0"/><line number="153" hits="2"/><line number="154" hits="2"/><line number="155" hits="0"/><line number="156" hits="0"/></lines></class></classes></package><package name="venues/src/kucoin/public/rest" line-rate="0.6388888888888888" branch-rate="0" complexity="0"><classes><class name="all_currencies" filename="venues/src/kucoin/public/rest/all_currencies.rs" line-rate="0.75" branch-rate="0" complexity="0"><methods/><lines><line number="48" hits="1"/><line number="52" hits="1"/><line number="53" hits="1"/><line number="55" hits="0"/></lines></class><class name="all_symbols" filename="venues/src/kucoin/public/rest/all_symbols.rs" line-rate="0.6" branch-rate="0" complexity="0"><methods/><lines><line number="90" hits="1"/><line number="94" hits="1"/><line number="95" hits="1"/><line number="96" hits="0"/><line number="99" hits="1"/><line number="100" hits="1"/><line number="102" hits="0"/><line number="105" hits="1"/><line number="106" hits="0"/><line number="108" hits="0"/></lines></class><class name="all_tickers" filename="venues/src/kucoin/public/rest/all_tickers.rs" line-rate="0.75" branch-rate="0" complexity="0"><methods/><lines><line number="68" hits="1"/><line number="72" hits="1"/><line number="73" hits="1"/><line number="75" hits="0"/></lines></class><class name="client" filename="venues/src/kucoin/public/rest/client.rs" line-rate="0.40625" branch-rate="0" complexity="0"><methods/><lines><line number="18" hits="10"/><line number="20" hits="10"/><line number="27" hits="0"/><line number="28" hits="0"/><line number="32" hits="10"/><line number="41" hits="10"/><line number="42" hits="0"/><line number="43" hits="0"/><line number="44" hits="0"/><line number="46" hits="0"/><line number="49" hits="10"/><line number="51" hits="10"/><line number="53" hits="14"/><line number="54" hits="0"/><line number="57" hits="20"/><line number="59" hits="0"/><line number="60" hits="0"/><line number="62" hits="10"/><line number="64" hits="0"/><line number="66" hits="0"/><line number="67" hits="0"/><line number="69" hits="0"/><line number="71" hits="0"/><line number="76" hits="20"/><line number="77" hits="20"/><line number="80" hits="0"/><line number="81" hits="0"/><line number="82" hits="0"/><line number="83" hits="0"/><line number="85" hits="0"/><line number="88" hits="10"/><line number="90" hits="10"/></lines></class><class name="currency" filename="venues/src/kucoin/public/rest/currency.rs" line-rate="0.8" branch-rate="0" complexity="0"><methods/><lines><line number="51" hits="1"/><line number="55" hits="1"/><line number="57" hits="1"/><line number="58" hits="1"/><line number="60" hits="0"/></lines></class><class name="klines" filename="venues/src/kucoin/public/rest/klines.rs" line-rate="0.7142857142857143" branch-rate="0" complexity="0"><methods/><lines><line number="49" hits="60"/><line number="51" hits="60"/><line number="52" hits="60"/><line number="53" hits="60"/><line number="54" hits="60"/><line number="55" hits="60"/><line number="56" hits="60"/><line number="57" hits="60"/><line number="84" hits="1"/><line number="88" hits="1"/><line number="89" hits="1"/><line number="92" hits="2"/><line number="95" hits="0"/><line number="97" hits="1"/><line number="98" hits="0"/><line number="101" hits="1"/><line number="102" hits="0"/><line number="105" hits="1"/><line number="106" hits="0"/><line number="108" hits="0"/><line number="110" hits="0"/></lines></class><class name="partial_orderbook" filename="venues/src/kucoin/public/rest/partial_orderbook.rs" line-rate="0.8" branch-rate="0" complexity="0"><methods/><lines><line number="49" hits="1"/><line number="53" hits="1"/><line number="54" hits="1"/><line number="56" hits="2"/><line number="57" hits="1"/><line number="58" hits="0"/><line number="61" hits="1"/><line number="63" hits="1"/><line number="64" hits="1"/><line number="66" hits="0"/></lines></class><class name="server_time" filename="venues/src/kucoin/public/rest/server_time.rs" line-rate="0.6" branch-rate="0" complexity="0"><methods/><lines><line number="21" hits="1"/><line number="25" hits="1"/><line number="26" hits="1"/><line number="29" hits="0"/><line number="32" hits="0"/></lines></class><class name="single_ticker" filename="venues/src/kucoin/public/rest/single_ticker.rs" line-rate="0.8333333333333334" branch-rate="0" complexity="0"><methods/><lines><line number="79" hits="1"/><line number="83" hits="1"/><line number="84" hits="1"/><line number="86" hits="1"/><line number="87" hits="1"/><line number="89" hits="0"/></lines></class><class name="symbol" filename="venues/src/kucoin/public/rest/symbol.rs" line-rate="0.8" branch-rate="0" complexity="0"><methods/><lines><line number="88" hits="1"/><line number="92" hits="1"/><line number="93" hits="1"/><line number="94" hits="1"/><line number="95" hits="0"/></lines></class><class name="trades" filename="venues/src/kucoin/public/rest/trades.rs" line-rate="0.8333333333333334" branch-rate="0" complexity="0"><methods/><lines><line number="50" hits="1"/><line number="54" hits="1"/><line number="55" hits="1"/><line number="57" hits="1"/><line number="58" hits="1"/><line number="60" hits="0"/></lines></class></classes></package><package name="_disabled/examples/bitmart" line-rate="0" branch-rate="0" complexity="0"><classes></classes></package><package name="venues/src/okx/private" line-rate="0.018421052631578946" branch-rate="0" complexity="0"><classes></classes></package><package name="_disabled/examples/cryptocom" line-rate="0" branch-rate="0" complexity="0"><classes></classes></package></packages></coverage>